{"C:\\Users\\Oreoluwa.Adewunmi\\Documents\\Work\\feesman\\src\\assets\\Problem solving-rafiki.svg": {"path":"C:\\Users\\Oreoluwa.Adewunmi\\Documents\\Work\\feesman\\src\\assets\\Problem solving-rafiki.svg","statementMap":{},"fnMap":{},"branchMap":{},"s":{},"f":{},"b":{},"meta":{"lastBranch":0,"lastFunction":0,"lastStatement":0,"seen":{}}}
,"C:\\Users\\Oreoluwa.Adewunmi\\Documents\\Work\\feesman\\src\\assets\\logo.svg": {"path":"C:\\Users\\Oreoluwa.Adewunmi\\Documents\\Work\\feesman\\src\\assets\\logo.svg","statementMap":{},"fnMap":{},"branchMap":{},"s":{},"f":{},"b":{},"meta":{"lastBranch":0,"lastFunction":0,"lastStatement":0,"seen":{}}}
,"C:\\Users\\Oreoluwa.Adewunmi\\Documents\\Work\\feesman\\src\\assets\\money.svg": {"path":"C:\\Users\\Oreoluwa.Adewunmi\\Documents\\Work\\feesman\\src\\assets\\money.svg","statementMap":{},"fnMap":{},"branchMap":{},"s":{},"f":{},"b":{},"meta":{"lastBranch":0,"lastFunction":0,"lastStatement":0,"seen":{}}}
,"C:\\Users\\Oreoluwa.Adewunmi\\Documents\\Work\\feesman\\src\\assets\\web2.svg": {"path":"C:\\Users\\Oreoluwa.Adewunmi\\Documents\\Work\\feesman\\src\\assets\\web2.svg","statementMap":{},"fnMap":{},"branchMap":{},"s":{},"f":{},"b":{},"meta":{"lastBranch":0,"lastFunction":0,"lastStatement":0,"seen":{}}}
,"C:\\Users\\Oreoluwa.Adewunmi\\Documents\\Work\\feesman\\src\\components\\common\\CustomButton.jsx": {"path":"C:\\Users\\Oreoluwa.Adewunmi\\Documents\\Work\\feesman\\src\\components\\common\\CustomButton.jsx","statementMap":{"0":{"start":{"line":1,"column":6},"end":{"line":30,"column":null}},"1":{"start":{"line":12,"column":21},"end":{"line":12,"column":null}},"2":{"start":{"line":14,"column":2},"end":{"line":30,"column":null}}},"fnMap":{"0":{"name":"(anonymous_0)","decl":{"start":{"line":1,"column":6},"end":{"line":1,"column":22}},"loc":{"start":{"line":11,"column":6},"end":{"line":30,"column":null}},"line":11}},"branchMap":{"0":{"loc":{"start":{"line":4,"column":2},"end":{"line":4,"column":null}},"type":"default-arg","locations":[{"start":{"line":4,"column":9},"end":{"line":4,"column":null}}],"line":4},"1":{"loc":{"start":{"line":5,"column":2},"end":{"line":5,"column":null}},"type":"default-arg","locations":[{"start":{"line":5,"column":12},"end":{"line":5,"column":null}}],"line":5},"2":{"loc":{"start":{"line":6,"column":2},"end":{"line":6,"column":null}},"type":"default-arg","locations":[{"start":{"line":6,"column":13},"end":{"line":6,"column":null}}],"line":6},"3":{"loc":{"start":{"line":8,"column":2},"end":{"line":8,"column":null}},"type":"default-arg","locations":[{"start":{"line":8,"column":15},"end":{"line":8,"column":null}}],"line":8},"4":{"loc":{"start":{"line":9,"column":2},"end":{"line":9,"column":null}},"type":"default-arg","locations":[{"start":{"line":9,"column":12},"end":{"line":9,"column":null}}],"line":9},"5":{"loc":{"start":{"line":10,"column":2},"end":{"line":10,"column":null}},"type":"default-arg","locations":[{"start":{"line":10,"column":16},"end":{"line":10,"column":null}}],"line":10},"6":{"loc":{"start":{"line":12,"column":21},"end":{"line":12,"column":null}},"type":"binary-expr","locations":[{"start":{"line":12,"column":21},"end":{"line":12,"column":33}},{"start":{"line":12,"column":33},"end":{"line":12,"column":null}}],"line":12},"7":{"loc":{"start":{"line":19,"column":49},"end":{"line":19,"column":null}},"type":"cond-expr","locations":[{"start":{"line":19,"column":62},"end":{"line":19,"column":74}},{"start":{"line":19,"column":74},"end":{"line":19,"column":null}}],"line":19},"8":{"loc":{"start":{"line":21,"column":7},"end":{"line":28,"column":null}},"type":"cond-expr","locations":[{"start":{"line":22,"column":8},"end":{"line":22,"column":null}},{"start":{"line":24,"column":8},"end":{"line":28,"column":null}}],"line":21},"9":{"loc":{"start":{"line":25,"column":11},"end":{"line":27,"column":18}},"type":"binary-expr","locations":[{"start":{"line":25,"column":11},"end":{"line":25,"column":19}},{"start":{"line":25,"column":19},"end":{"line":27,"column":18}}],"line":25},"10":{"loc":{"start":{"line":27,"column":11},"end":{"line":27,"column":null}},"type":"cond-expr","locations":[{"start":{"line":27,"column":42},"end":{"line":27,"column":null}},{"start":{"line":27,"column":62},"end":{"line":27,"column":null}}],"line":27}},"s":{"0":2,"1":7,"2":7},"f":{"0":7},"b":{"0":[7],"1":[7],"2":[7],"3":[7],"4":[7],"5":[7],"6":[7,7],"7":[1,6],"8":[1,6],"9":[6,4],"10":[3,3]},"meta":{"lastBranch":11,"lastFunction":1,"lastStatement":3,"seen":{"s:1:6:30:Infinity":0,"f:1:6:1:22":0,"b:4:9:4:Infinity":0,"b:5:12:5:Infinity":1,"b:6:13:6:Infinity":2,"b:8:15:8:Infinity":3,"b:9:12:9:Infinity":4,"b:10:16:10:Infinity":5,"s:12:21:12:Infinity":1,"b:12:21:12:33:12:33:12:Infinity":6,"s:14:2:30:Infinity":2,"b:19:62:19:74:19:74:19:Infinity":7,"b:22:8:22:Infinity:24:8:28:Infinity":8,"b:25:11:25:19:25:19:27:18":9,"b:27:42:27:Infinity:27:62:27:Infinity":10}}}
,"C:\\Users\\Oreoluwa.Adewunmi\\Documents\\Work\\feesman\\src\\components\\common\\Input.jsx": {"path":"C:\\Users\\Oreoluwa.Adewunmi\\Documents\\Work\\feesman\\src\\components\\common\\Input.jsx","statementMap":{"0":{"start":{"line":3,"column":6},"end":{"line":52,"column":null}},"1":{"start":{"line":17,"column":2},"end":{"line":52,"column":null}}},"fnMap":{"0":{"name":"(anonymous_0)","decl":{"start":{"line":3,"column":6},"end":{"line":3,"column":21}},"loc":{"start":{"line":16,"column":6},"end":{"line":52,"column":null}},"line":16}},"branchMap":{"0":{"loc":{"start":{"line":10,"column":2},"end":{"line":10,"column":null}},"type":"default-arg","locations":[{"start":{"line":10,"column":12},"end":{"line":10,"column":null}}],"line":10},"1":{"loc":{"start":{"line":11,"column":2},"end":{"line":11,"column":null}},"type":"default-arg","locations":[{"start":{"line":11,"column":13},"end":{"line":11,"column":null}}],"line":11},"2":{"loc":{"start":{"line":12,"column":2},"end":{"line":12,"column":null}},"type":"default-arg","locations":[{"start":{"line":12,"column":13},"end":{"line":12,"column":null}}],"line":12},"3":{"loc":{"start":{"line":15,"column":2},"end":{"line":15,"column":null}},"type":"default-arg","locations":[{"start":{"line":15,"column":9},"end":{"line":15,"column":null}}],"line":15},"4":{"loc":{"start":{"line":21,"column":9},"end":{"line":22,"column":null}},"type":"binary-expr","locations":[{"start":{"line":21,"column":9},"end":{"line":21,"column":21}},{"start":{"line":21,"column":21},"end":{"line":22,"column":null}}],"line":21},"5":{"loc":{"start":{"line":26,"column":10},"end":{"line":26,"column":null}},"type":"cond-expr","locations":[{"start":{"line":26,"column":18},"end":{"line":26,"column":34}},{"start":{"line":26,"column":34},"end":{"line":26,"column":null}}],"line":26},"6":{"loc":{"start":{"line":27,"column":12},"end":{"line":27,"column":null}},"type":"cond-expr","locations":[{"start":{"line":27,"column":23},"end":{"line":27,"column":42}},{"start":{"line":27,"column":42},"end":{"line":27,"column":null}}],"line":27},"7":{"loc":{"start":{"line":29,"column":9},"end":{"line":31,"column":9}},"type":"binary-expr","locations":[{"start":{"line":29,"column":9},"end":{"line":29,"column":17}},{"start":{"line":29,"column":17},"end":{"line":31,"column":9}}],"line":29},"8":{"loc":{"start":{"line":40,"column":28},"end":{"line":40,"column":null}},"type":"cond-expr","locations":[{"start":{"line":40,"column":36},"end":{"line":40,"column":54}},{"start":{"line":40,"column":54},"end":{"line":40,"column":null}}],"line":40},"9":{"loc":{"start":{"line":40,"column":54},"end":{"line":40,"column":null}},"type":"cond-expr","locations":[{"start":{"line":40,"column":61},"end":{"line":40,"column":78}},{"start":{"line":40,"column":78},"end":{"line":40,"column":null}}],"line":40},"10":{"loc":{"start":{"line":44,"column":7},"end":{"line":52,"column":null}},"type":"cond-expr","locations":[{"start":{"line":45,"column":8},"end":{"line":48,"column":null}},{"start":{"line":48,"column":10},"end":{"line":52,"column":null}}],"line":44},"11":{"loc":{"start":{"line":48,"column":10},"end":{"line":52,"column":null}},"type":"cond-expr","locations":[{"start":{"line":49,"column":8},"end":{"line":52,"column":null}},{"start":{"line":52,"column":10},"end":{"line":52,"column":null}}],"line":48}},"s":{"0":1,"1":4},"f":{"0":4},"b":{"0":[4],"1":[4],"2":[4],"3":[4],"4":[4,1],"5":[1,3],"6":[0,4],"7":[4,1],"8":[1,3],"9":[1,2],"10":[1,3],"11":[1,2]},"meta":{"lastBranch":12,"lastFunction":1,"lastStatement":2,"seen":{"s:3:6:52:Infinity":0,"f:3:6:3:21":0,"b:10:12:10:Infinity":0,"b:11:13:11:Infinity":1,"b:12:13:12:Infinity":2,"b:15:9:15:Infinity":3,"s:17:2:52:Infinity":1,"b:21:9:21:21:21:21:22:Infinity":4,"b:26:18:26:34:26:34:26:Infinity":5,"b:27:23:27:42:27:42:27:Infinity":6,"b:29:9:29:17:29:17:31:9":7,"b:40:36:40:54:40:54:40:Infinity":8,"b:40:61:40:78:40:78:40:Infinity":9,"b:45:8:48:Infinity:48:10:52:Infinity":10,"b:49:8:52:Infinity:52:10:52:Infinity":11}}}
,"C:\\Users\\Oreoluwa.Adewunmi\\Documents\\Work\\feesman\\src\\components\\common\\Modal.jsx": {"path":"C:\\Users\\Oreoluwa.Adewunmi\\Documents\\Work\\feesman\\src\\components\\common\\Modal.jsx","statementMap":{"0":{"start":{"line":8,"column":8},"end":{"line":8,"column":33}},"1":{"start":{"line":10,"column":2},"end":{"line":20,"column":null}},"2":{"start":{"line":11,"column":10},"end":{"line":12,"column":null}},"3":{"start":{"line":12,"column":6},"end":{"line":12,"column":null}},"4":{"start":{"line":12,"column":30},"end":{"line":12,"column":null}},"5":{"start":{"line":14,"column":4},"end":{"line":14,"column":null}},"6":{"start":{"line":15,"column":4},"end":{"line":15,"column":null}},"7":{"start":{"line":16,"column":4},"end":{"line":18,"column":null}},"8":{"start":{"line":17,"column":6},"end":{"line":17,"column":null}},"9":{"start":{"line":18,"column":6},"end":{"line":18,"column":null}},"10":{"start":{"line":22,"column":2},"end":{"line":50,"column":null}},"11":{"start":{"line":27,"column":8},"end":{"line":27,"column":null}},"12":{"start":{"line":27,"column":45},"end":{"line":27,"column":null}},"13":{"start":{"line":46,"column":24},"end":{"line":46,"column":43}},"14":{"start":{"line":56,"column":2},"end":{"line":64,"column":null}},"15":{"start":{"line":73,"column":2},"end":{"line":99,"column":null}},"16":{"start":{"line":116,"column":2},"end":{"line":164,"column":null}},"17":{"start":{"line":177,"column":2},"end":{"line":236,"column":null}},"18":{"start":{"line":258,"column":25},"end":{"line":260,"column":null}},"19":{"start":{"line":262,"column":2},"end":{"line":312,"column":null}}},"fnMap":{"0":{"name":"ModalOverlay","decl":{"start":{"line":7,"column":9},"end":{"line":7,"column":22}},"loc":{"start":{"line":7,"column":84},"end":{"line":50,"column":null}},"line":7},"1":{"name":"(anonymous_1)","decl":{"start":{"line":10,"column":2},"end":{"line":10,"column":18}},"loc":{"start":{"line":10,"column":18},"end":{"line":20,"column":6}},"line":10},"2":{"name":"(anonymous_2)","decl":{"start":{"line":11,"column":10},"end":{"line":11,"column":23}},"loc":{"start":{"line":11,"column":29},"end":{"line":12,"column":null}},"line":11},"3":{"name":"(anonymous_3)","decl":{"start":{"line":16,"column":4},"end":{"line":16,"column":17}},"loc":{"start":{"line":16,"column":17},"end":{"line":18,"column":null}},"line":16},"4":{"name":"(anonymous_4)","decl":{"start":{"line":26,"column":6},"end":{"line":26,"column":16}},"loc":{"start":{"line":26,"column":22},"end":{"line":27,"column":null}},"line":26},"5":{"name":"(anonymous_5)","decl":{"start":{"line":46,"column":8},"end":{"line":46,"column":18}},"loc":{"start":{"line":46,"column":24},"end":{"line":46,"column":43}},"line":46},"6":{"name":"CloseBtn","decl":{"start":{"line":55,"column":9},"end":{"line":55,"column":18}},"loc":{"start":{"line":55,"column":31},"end":{"line":64,"column":null}},"line":55},"7":{"name":"FormModal","decl":{"start":{"line":72,"column":16},"end":{"line":72,"column":26}},"loc":{"start":{"line":72,"column":86},"end":{"line":99,"column":null}},"line":72},"8":{"name":"SuccessModal","decl":{"start":{"line":108,"column":16},"end":{"line":108,"column":29}},"loc":{"start":{"line":115,"column":3},"end":{"line":164,"column":null}},"line":115},"9":{"name":"ThankYouModal","decl":{"start":{"line":176,"column":16},"end":{"line":176,"column":30}},"loc":{"start":{"line":176,"column":95},"end":{"line":236,"column":null}},"line":176},"10":{"name":"ConfirmModal","decl":{"start":{"line":248,"column":16},"end":{"line":248,"column":29}},"loc":{"start":{"line":257,"column":3},"end":{"line":312,"column":null}},"line":257}},"branchMap":{"0":{"loc":{"start":{"line":7,"column":43},"end":{"line":7,"column":63}},"type":"default-arg","locations":[{"start":{"line":7,"column":54},"end":{"line":7,"column":63}}],"line":7},"1":{"loc":{"start":{"line":7,"column":63},"end":{"line":7,"column":84}},"type":"default-arg","locations":[{"start":{"line":7,"column":75},"end":{"line":7,"column":84}}],"line":7},"2":{"loc":{"start":{"line":12,"column":6},"end":{"line":12,"column":null}},"type":"if","locations":[{"start":{"line":12,"column":6},"end":{"line":12,"column":null}},{"start":{},"end":{}}],"line":12},"3":{"loc":{"start":{"line":27,"column":8},"end":{"line":27,"column":null}},"type":"if","locations":[{"start":{"line":27,"column":8},"end":{"line":27,"column":null}},{"start":{},"end":{}}],"line":27},"4":{"loc":{"start":{"line":40,"column":19},"end":{"line":40,"column":null}},"type":"cond-expr","locations":[{"start":{"line":40,"column":31},"end":{"line":40,"column":35}},{"start":{"line":40,"column":35},"end":{"line":40,"column":null}}],"line":40},"5":{"loc":{"start":{"line":72,"column":64},"end":{"line":72,"column":86}},"type":"default-arg","locations":[{"start":{"line":72,"column":75},"end":{"line":72,"column":86}}],"line":72},"6":{"loc":{"start":{"line":85,"column":11},"end":{"line":94,"column":null}},"type":"binary-expr","locations":[{"start":{"line":85,"column":11},"end":{"line":85,"column":null}},{"start":{"line":86,"column":12},"end":{"line":94,"column":null}}],"line":85},"7":{"loc":{"start":{"line":113,"column":2},"end":{"line":113,"column":null}},"type":"default-arg","locations":[{"start":{"line":113,"column":16},"end":{"line":113,"column":null}}],"line":113},"8":{"loc":{"start":{"line":134,"column":11},"end":{"line":134,"column":null}},"type":"binary-expr","locations":[{"start":{"line":134,"column":11},"end":{"line":134,"column":19}},{"start":{"line":134,"column":19},"end":{"line":134,"column":null}}],"line":134},"9":{"loc":{"start":{"line":145,"column":9},"end":{"line":155,"column":null}},"type":"binary-expr","locations":[{"start":{"line":145,"column":9},"end":{"line":145,"column":null}},{"start":{"line":146,"column":10},"end":{"line":155,"column":null}}],"line":145},"10":{"loc":{"start":{"line":161,"column":11},"end":{"line":164,"column":null}},"type":"binary-expr","locations":[{"start":{"line":161,"column":11},"end":{"line":161,"column":null}},{"start":{"line":162,"column":12},"end":{"line":164,"column":null}}],"line":161},"11":{"loc":{"start":{"line":176,"column":63},"end":{"line":176,"column":95}},"type":"default-arg","locations":[{"start":{"line":176,"column":77},"end":{"line":176,"column":95}}],"line":176},"12":{"loc":{"start":{"line":216,"column":11},"end":{"line":216,"column":null}},"type":"cond-expr","locations":[{"start":{"line":216,"column":18},"end":{"line":216,"column":42}},{"start":{"line":216,"column":42},"end":{"line":216,"column":null}}],"line":216},"13":{"loc":{"start":{"line":226,"column":11},"end":{"line":227,"column":null}},"type":"binary-expr","locations":[{"start":{"line":226,"column":11},"end":{"line":226,"column":null}},{"start":{"line":227,"column":12},"end":{"line":227,"column":null}}],"line":226},"14":{"loc":{"start":{"line":233,"column":11},"end":{"line":236,"column":null}},"type":"binary-expr","locations":[{"start":{"line":233,"column":11},"end":{"line":233,"column":null}},{"start":{"line":234,"column":12},"end":{"line":236,"column":null}}],"line":233},"15":{"loc":{"start":{"line":254,"column":2},"end":{"line":254,"column":null}},"type":"default-arg","locations":[{"start":{"line":254,"column":17},"end":{"line":254,"column":null}}],"line":254},"16":{"loc":{"start":{"line":255,"column":2},"end":{"line":255,"column":null}},"type":"default-arg","locations":[{"start":{"line":255,"column":12},"end":{"line":255,"column":null}}],"line":255},"17":{"loc":{"start":{"line":256,"column":2},"end":{"line":256,"column":null}},"type":"default-arg","locations":[{"start":{"line":256,"column":11},"end":{"line":256,"column":null}}],"line":256},"18":{"loc":{"start":{"line":258,"column":25},"end":{"line":260,"column":null}},"type":"cond-expr","locations":[{"start":{"line":259,"column":6},"end":{"line":259,"column":null}},{"start":{"line":260,"column":6},"end":{"line":260,"column":null}}],"line":258},"19":{"loc":{"start":{"line":291,"column":11},"end":{"line":291,"column":null}},"type":"binary-expr","locations":[{"start":{"line":291,"column":11},"end":{"line":291,"column":20}},{"start":{"line":291,"column":20},"end":{"line":291,"column":null}}],"line":291},"20":{"loc":{"start":{"line":302,"column":11},"end":{"line":302,"column":null}},"type":"binary-expr","locations":[{"start":{"line":302,"column":11},"end":{"line":302,"column":22}},{"start":{"line":302,"column":22},"end":{"line":302,"column":null}}],"line":302},"21":{"loc":{"start":{"line":311,"column":13},"end":{"line":311,"column":null}},"type":"cond-expr","locations":[{"start":{"line":311,"column":23},"end":{"line":311,"column":39}},{"start":{"line":311,"column":39},"end":{"line":311,"column":null}}],"line":311}},"s":{"0":3,"1":3,"2":3,"3":0,"4":0,"5":3,"6":3,"7":3,"8":3,"9":3,"10":3,"11":0,"12":0,"13":5,"14":3,"15":1,"16":1,"17":0,"18":1,"19":1},"f":{"0":3,"1":3,"2":0,"3":3,"4":0,"5":5,"6":3,"7":1,"8":1,"9":0,"10":1},"b":{"0":[3],"1":[3],"2":[0,0],"3":[0,0],"4":[1,2],"5":[1],"6":[1,1],"7":[1],"8":[1,1],"9":[1,1],"10":[1,1],"11":[0],"12":[0,0],"13":[0,0],"14":[0,0],"15":[1],"16":[1],"17":[1],"18":[0,1],"19":[1,0],"20":[1,0],"21":[0,1]},"meta":{"lastBranch":22,"lastFunction":11,"lastStatement":20,"seen":{"f:7:9:7:22":0,"b:7:54:7:63":0,"b:7:75:7:84":1,"s:8:8:8:33":0,"s:10:2:20:Infinity":1,"f:10:2:10:18":1,"s:11:10:12:Infinity":2,"f:11:10:11:23":2,"b:12:6:12:Infinity:undefined:undefined:undefined:undefined":2,"s:12:6:12:Infinity":3,"s:12:30:12:Infinity":4,"s:14:4:14:Infinity":5,"s:15:4:15:Infinity":6,"s:16:4:18:Infinity":7,"f:16:4:16:17":3,"s:17:6:17:Infinity":8,"s:18:6:18:Infinity":9,"s:22:2:50:Infinity":10,"f:26:6:26:16":4,"b:27:8:27:Infinity:undefined:undefined:undefined:undefined":3,"s:27:8:27:Infinity":11,"s:27:45:27:Infinity":12,"b:40:31:40:35:40:35:40:Infinity":4,"f:46:8:46:18":5,"s:46:24:46:43":13,"f:55:9:55:18":6,"s:56:2:64:Infinity":14,"f:72:16:72:26":7,"b:72:75:72:86":5,"s:73:2:99:Infinity":15,"b:85:11:85:Infinity:86:12:94:Infinity":6,"f:108:16:108:29":8,"b:113:16:113:Infinity":7,"s:116:2:164:Infinity":16,"b:134:11:134:19:134:19:134:Infinity":8,"b:145:9:145:Infinity:146:10:155:Infinity":9,"b:161:11:161:Infinity:162:12:164:Infinity":10,"f:176:16:176:30":9,"b:176:77:176:95":11,"s:177:2:236:Infinity":17,"b:216:18:216:42:216:42:216:Infinity":12,"b:226:11:226:Infinity:227:12:227:Infinity":13,"b:233:11:233:Infinity:234:12:236:Infinity":14,"f:248:16:248:29":10,"b:254:17:254:Infinity":15,"b:255:12:255:Infinity":16,"b:256:11:256:Infinity":17,"s:258:25:260:Infinity":18,"b:259:6:259:Infinity:260:6:260:Infinity":18,"s:262:2:312:Infinity":19,"b:291:11:291:20:291:20:291:Infinity":19,"b:302:11:302:22:302:22:302:Infinity":20,"b:311:23:311:39:311:39:311:Infinity":21}}}
,"C:\\Users\\Oreoluwa.Adewunmi\\Documents\\Work\\feesman\\src\\components\\common\\ProtectedRoute.jsx": {"path":"C:\\Users\\Oreoluwa.Adewunmi\\Documents\\Work\\feesman\\src\\components\\common\\ProtectedRoute.jsx","statementMap":{"0":{"start":{"line":5,"column":16},"end":{"line":5,"column":37}},"1":{"start":{"line":6,"column":8},"end":{"line":6,"column":32}},"2":{"start":{"line":8,"column":2},"end":{"line":19,"column":null}},"3":{"start":{"line":9,"column":4},"end":{"line":19,"column":null}},"4":{"start":{"line":23,"column":2},"end":{"line":24,"column":null}},"5":{"start":{"line":24,"column":4},"end":{"line":24,"column":null}},"6":{"start":{"line":26,"column":2},"end":{"line":26,"column":null}}},"fnMap":{"0":{"name":"ProtectedRoute","decl":{"start":{"line":4,"column":24},"end":{"line":4,"column":39}},"loc":{"start":{"line":4,"column":53},"end":{"line":26,"column":null}},"line":4}},"branchMap":{"0":{"loc":{"start":{"line":8,"column":2},"end":{"line":19,"column":null}},"type":"if","locations":[{"start":{"line":8,"column":2},"end":{"line":19,"column":null}},{"start":{},"end":{}}],"line":8},"1":{"loc":{"start":{"line":23,"column":2},"end":{"line":24,"column":null}},"type":"if","locations":[{"start":{"line":23,"column":2},"end":{"line":24,"column":null}},{"start":{},"end":{}}],"line":23}},"s":{"0":3,"1":3,"2":3,"3":1,"4":2,"5":1,"6":1},"f":{"0":3},"b":{"0":[1,2],"1":[1,1]},"meta":{"lastBranch":2,"lastFunction":1,"lastStatement":7,"seen":{"f:4:24:4:39":0,"s:5:16:5:37":0,"s:6:8:6:32":1,"b:8:2:19:Infinity:undefined:undefined:undefined:undefined":0,"s:8:2:19:Infinity":2,"s:9:4:19:Infinity":3,"b:23:2:24:Infinity:undefined:undefined:undefined:undefined":1,"s:23:2:24:Infinity":4,"s:24:4:24:Infinity":5,"s:26:2:26:Infinity":6}}}
,"C:\\Users\\Oreoluwa.Adewunmi\\Documents\\Work\\feesman\\src\\config\\permissions.js": {"path":"C:\\Users\\Oreoluwa.Adewunmi\\Documents\\Work\\feesman\\src\\config\\permissions.js","statementMap":{"0":{"start":{"line":14,"column":21},"end":{"line":21,"column":null}},"1":{"start":{"line":24,"column":25},"end":{"line":31,"column":null}},"2":{"start":{"line":35,"column":27},"end":{"line":92,"column":null}},"3":{"start":{"line":94,"column":33},"end":{"line":196,"column":null}},"4":{"start":{"line":199,"column":12},"end":{"line":199,"column":38}},"5":{"start":{"line":201,"column":23},"end":{"line":220,"column":null}},"6":{"start":{"line":222,"column":26},"end":{"line":231,"column":null}},"7":{"start":{"line":233,"column":21},"end":{"line":243,"column":null}},"8":{"start":{"line":245,"column":18},"end":{"line":249,"column":null}},"9":{"start":{"line":251,"column":32},"end":{"line":260,"column":null}},"10":{"start":{"line":262,"column":40},"end":{"line":317,"column":null}},"11":{"start":{"line":323,"column":32},"end":{"line":330,"column":null}},"12":{"start":{"line":333,"column":2},"end":{"line":333,"column":null}},"13":{"start":{"line":337,"column":22},"end":{"line":337,"column":null}},"14":{"start":{"line":338,"column":2},"end":{"line":344,"column":null}},"15":{"start":{"line":339,"column":4},"end":{"line":344,"column":null}},"16":{"start":{"line":347,"column":2},"end":{"line":347,"column":null}},"17":{"start":{"line":351,"column":25},"end":{"line":351,"column":68}},"18":{"start":{"line":352,"column":2},"end":{"line":352,"column":null}},"19":{"start":{"line":356,"column":2},"end":{"line":356,"column":null}},"20":{"start":{"line":356,"column":18},"end":{"line":356,"column":null}},"21":{"start":{"line":358,"column":22},"end":{"line":360,"column":79}},"22":{"start":{"line":360,"column":24},"end":{"line":360,"column":79}},"23":{"start":{"line":362,"column":2},"end":{"line":363,"column":null}},"24":{"start":{"line":363,"column":4},"end":{"line":363,"column":null}},"25":{"start":{"line":366,"column":19},"end":{"line":366,"column":61}},"26":{"start":{"line":367,"column":2},"end":{"line":371,"column":null}},"27":{"start":{"line":368,"column":4},"end":{"line":368,"column":null}},"28":{"start":{"line":368,"column":31},"end":{"line":368,"column":null}},"29":{"start":{"line":369,"column":23},"end":{"line":369,"column":66}},"30":{"start":{"line":370,"column":4},"end":{"line":370,"column":null}},"31":{"start":{"line":376,"column":2},"end":{"line":376,"column":null}},"32":{"start":{"line":376,"column":28},"end":{"line":376,"column":null}},"33":{"start":{"line":378,"column":2},"end":{"line":379,"column":null}},"34":{"start":{"line":379,"column":4},"end":{"line":379,"column":null}},"35":{"start":{"line":382,"column":14},"end":{"line":382,"column":null}},"36":{"start":{"line":383,"column":2},"end":{"line":383,"column":null}}},"fnMap":{"0":{"name":"getDefaultRoleDefinition","decl":{"start":{"line":332,"column":16},"end":{"line":332,"column":41}},"loc":{"start":{"line":332,"column":50},"end":{"line":333,"column":null}},"line":332},"1":{"name":"getRoleDefinition","decl":{"start":{"line":336,"column":16},"end":{"line":336,"column":34}},"loc":{"start":{"line":336,"column":65},"end":{"line":347,"column":null}},"line":336},"2":{"name":"getPermissionSetForRole","decl":{"start":{"line":350,"column":16},"end":{"line":350,"column":40}},"loc":{"start":{"line":350,"column":71},"end":{"line":352,"column":null}},"line":350},"3":{"name":"getAssignableRoleKeys","decl":{"start":{"line":355,"column":16},"end":{"line":355,"column":38}},"loc":{"start":{"line":355,"column":71},"end":{"line":371,"column":null}},"line":355},"4":{"name":"(anonymous_4)","decl":{"start":{"line":360,"column":4},"end":{"line":360,"column":12}},"loc":{"start":{"line":360,"column":24},"end":{"line":360,"column":79}},"line":360},"5":{"name":"(anonymous_5)","decl":{"start":{"line":367,"column":21},"end":{"line":367,"column":29}},"loc":{"start":{"line":367,"column":41},"end":{"line":371,"column":null}},"line":367},"6":{"name":"can","decl":{"start":{"line":375,"column":16},"end":{"line":375,"column":20}},"loc":{"start":{"line":375,"column":60},"end":{"line":383,"column":null}},"line":375}},"branchMap":{"0":{"loc":{"start":{"line":333,"column":9},"end":{"line":333,"column":null}},"type":"binary-expr","locations":[{"start":{"line":333,"column":9},"end":{"line":333,"column":46}},{"start":{"line":333,"column":46},"end":{"line":333,"column":null}}],"line":333},"1":{"loc":{"start":{"line":336,"column":43},"end":{"line":336,"column":63}},"type":"default-arg","locations":[{"start":{"line":336,"column":61},"end":{"line":336,"column":63}}],"line":336},"2":{"loc":{"start":{"line":338,"column":2},"end":{"line":344,"column":null}},"type":"if","locations":[{"start":{"line":338,"column":2},"end":{"line":344,"column":null}},{"start":{},"end":{}}],"line":338},"3":{"loc":{"start":{"line":342,"column":11},"end":{"line":342,"column":null}},"type":"binary-expr","locations":[{"start":{"line":342,"column":11},"end":{"line":342,"column":30}},{"start":{"line":342,"column":30},"end":{"line":342,"column":null}}],"line":342},"4":{"loc":{"start":{"line":343,"column":19},"end":{"line":343,"column":null}},"type":"cond-expr","locations":[{"start":{"line":343,"column":60},"end":{"line":343,"column":86}},{"start":{"line":343,"column":86},"end":{"line":343,"column":null}}],"line":343},"5":{"loc":{"start":{"line":350,"column":49},"end":{"line":350,"column":69}},"type":"default-arg","locations":[{"start":{"line":350,"column":67},"end":{"line":350,"column":69}}],"line":350},"6":{"loc":{"start":{"line":352,"column":17},"end":{"line":352,"column":50}},"type":"binary-expr","locations":[{"start":{"line":352,"column":17},"end":{"line":352,"column":48}},{"start":{"line":352,"column":48},"end":{"line":352,"column":50}}],"line":352},"7":{"loc":{"start":{"line":355,"column":49},"end":{"line":355,"column":69}},"type":"default-arg","locations":[{"start":{"line":355,"column":67},"end":{"line":355,"column":69}}],"line":355},"8":{"loc":{"start":{"line":356,"column":2},"end":{"line":356,"column":null}},"type":"if","locations":[{"start":{"line":356,"column":2},"end":{"line":356,"column":null}},{"start":{},"end":{}}],"line":356},"9":{"loc":{"start":{"line":362,"column":2},"end":{"line":363,"column":null}},"type":"if","locations":[{"start":{"line":362,"column":2},"end":{"line":363,"column":null}},{"start":{},"end":{}}],"line":362},"10":{"loc":{"start":{"line":366,"column":27},"end":{"line":366,"column":60}},"type":"binary-expr","locations":[{"start":{"line":366,"column":27},"end":{"line":366,"column":58}},{"start":{"line":366,"column":58},"end":{"line":366,"column":60}}],"line":366},"11":{"loc":{"start":{"line":368,"column":4},"end":{"line":368,"column":null}},"type":"if","locations":[{"start":{"line":368,"column":4},"end":{"line":368,"column":null}},{"start":{},"end":{}}],"line":368},"12":{"loc":{"start":{"line":370,"column":11},"end":{"line":370,"column":null}},"type":"binary-expr","locations":[{"start":{"line":370,"column":11},"end":{"line":370,"column":30}},{"start":{"line":370,"column":34},"end":{"line":370,"column":null}}],"line":370},"13":{"loc":{"start":{"line":375,"column":38},"end":{"line":375,"column":58}},"type":"default-arg","locations":[{"start":{"line":375,"column":56},"end":{"line":375,"column":58}}],"line":375},"14":{"loc":{"start":{"line":376,"column":2},"end":{"line":376,"column":null}},"type":"if","locations":[{"start":{"line":376,"column":2},"end":{"line":376,"column":null}},{"start":{},"end":{}}],"line":376},"15":{"loc":{"start":{"line":376,"column":6},"end":{"line":376,"column":28}},"type":"binary-expr","locations":[{"start":{"line":376,"column":6},"end":{"line":376,"column":15}},{"start":{"line":376,"column":15},"end":{"line":376,"column":28}}],"line":376},"16":{"loc":{"start":{"line":378,"column":2},"end":{"line":379,"column":null}},"type":"if","locations":[{"start":{"line":378,"column":2},"end":{"line":379,"column":null}},{"start":{},"end":{}}],"line":378},"17":{"loc":{"start":{"line":383,"column":9},"end":{"line":383,"column":null}},"type":"cond-expr","locations":[{"start":{"line":383,"column":15},"end":{"line":383,"column":34}},{"start":{"line":383,"column":37},"end":{"line":383,"column":null}}],"line":383}},"s":{"0":1,"1":1,"2":1,"3":1,"4":1,"5":1,"6":1,"7":1,"8":1,"9":1,"10":1,"11":1,"12":0,"13":0,"14":0,"15":0,"16":0,"17":0,"18":0,"19":0,"20":0,"21":0,"22":0,"23":0,"24":0,"25":0,"26":0,"27":0,"28":0,"29":0,"30":0,"31":0,"32":0,"33":0,"34":0,"35":0,"36":0},"f":{"0":0,"1":0,"2":0,"3":0,"4":0,"5":0,"6":0},"b":{"0":[0,0],"1":[0],"2":[0,0],"3":[0,0],"4":[0,0],"5":[0],"6":[0,0],"7":[0],"8":[0,0],"9":[0,0],"10":[0,0],"11":[0,0],"12":[0,0],"13":[0],"14":[0,0],"15":[0,0],"16":[0,0],"17":[0,0]},"meta":{"lastBranch":18,"lastFunction":7,"lastStatement":37,"seen":{"s:14:21:21:Infinity":0,"s:24:25:31:Infinity":1,"s:35:27:92:Infinity":2,"s:94:33:196:Infinity":3,"s:199:12:199:38":4,"s:201:23:220:Infinity":5,"s:222:26:231:Infinity":6,"s:233:21:243:Infinity":7,"s:245:18:249:Infinity":8,"s:251:32:260:Infinity":9,"s:262:40:317:Infinity":10,"s:323:32:330:Infinity":11,"f:332:16:332:41":0,"s:333:2:333:Infinity":12,"b:333:9:333:46:333:46:333:Infinity":0,"f:336:16:336:34":1,"b:336:61:336:63":1,"s:337:22:337:Infinity":13,"b:338:2:344:Infinity:undefined:undefined:undefined:undefined":2,"s:338:2:344:Infinity":14,"s:339:4:344:Infinity":15,"b:342:11:342:30:342:30:342:Infinity":3,"b:343:60:343:86:343:86:343:Infinity":4,"s:347:2:347:Infinity":16,"f:350:16:350:40":2,"b:350:67:350:69":5,"s:351:25:351:68":17,"s:352:2:352:Infinity":18,"b:352:17:352:48:352:48:352:50":6,"f:355:16:355:38":3,"b:355:67:355:69":7,"b:356:2:356:Infinity:undefined:undefined:undefined:undefined":8,"s:356:2:356:Infinity":19,"s:356:18:356:Infinity":20,"s:358:22:360:79":21,"f:360:4:360:12":4,"s:360:24:360:79":22,"b:362:2:363:Infinity:undefined:undefined:undefined:undefined":9,"s:362:2:363:Infinity":23,"s:363:4:363:Infinity":24,"s:366:19:366:61":25,"b:366:27:366:58:366:58:366:60":10,"s:367:2:371:Infinity":26,"f:367:21:367:29":5,"b:368:4:368:Infinity:undefined:undefined:undefined:undefined":11,"s:368:4:368:Infinity":27,"s:368:31:368:Infinity":28,"s:369:23:369:66":29,"s:370:4:370:Infinity":30,"b:370:11:370:30:370:34:370:Infinity":12,"f:375:16:375:20":6,"b:375:56:375:58":13,"b:376:2:376:Infinity:undefined:undefined:undefined:undefined":14,"s:376:2:376:Infinity":31,"b:376:6:376:15:376:15:376:28":15,"s:376:28:376:Infinity":32,"b:378:2:379:Infinity:undefined:undefined:undefined:undefined":16,"s:378:2:379:Infinity":33,"s:379:4:379:Infinity":34,"s:382:14:382:Infinity":35,"s:383:2:383:Infinity":36,"b:383:15:383:34:383:37:383:Infinity":17}}}
,"C:\\Users\\Oreoluwa.Adewunmi\\Documents\\Work\\feesman\\src\\constants\\index.jsx": {"path":"C:\\Users\\Oreoluwa.Adewunmi\\Documents\\Work\\feesman\\src\\constants\\index.jsx","statementMap":{"0":{"start":{"line":3,"column":28},"end":{"line":4,"column":null}},"1":{"start":{"line":7,"column":21},"end":{"line":7,"column":null}},"2":{"start":{"line":9,"column":24},"end":{"line":10,"column":null}},"3":{"start":{"line":13,"column":26},"end":{"line":13,"column":null}},"4":{"start":{"line":15,"column":30},"end":{"line":15,"column":null}},"5":{"start":{"line":17,"column":38},"end":{"line":17,"column":null}},"6":{"start":{"line":18,"column":34},"end":{"line":18,"column":null}},"7":{"start":{"line":19,"column":38},"end":{"line":19,"column":null}},"8":{"start":{"line":20,"column":38},"end":{"line":20,"column":null}}},"fnMap":{},"branchMap":{},"s":{"0":1,"1":1,"2":1,"3":1,"4":1,"5":1,"6":1,"7":1,"8":1},"f":{},"b":{},"meta":{"lastBranch":0,"lastFunction":0,"lastStatement":9,"seen":{"s:3:28:4:Infinity":0,"s:7:21:7:Infinity":1,"s:9:24:10:Infinity":2,"s:13:26:13:Infinity":3,"s:15:30:15:Infinity":4,"s:17:38:17:Infinity":5,"s:18:34:18:Infinity":6,"s:19:38:19:Infinity":7,"s:20:38:20:Infinity":8}}}
,"C:\\Users\\Oreoluwa.Adewunmi\\Documents\\Work\\feesman\\src\\firebase\\auth.js": {"path":"C:\\Users\\Oreoluwa.Adewunmi\\Documents\\Work\\feesman\\src\\firebase\\auth.js","statementMap":{"0":{"start":{"line":4,"column":13},"end":{"line":4,"column":32}},"1":{"start":{"line":5,"column":30},"end":{"line":5,"column":54}}},"fnMap":{},"branchMap":{},"s":{"0":1,"1":1},"f":{},"b":{},"meta":{"lastBranch":0,"lastFunction":0,"lastStatement":2,"seen":{"s:4:13:4:32":0,"s:5:30:5:54":1}}}
,"C:\\Users\\Oreoluwa.Adewunmi\\Documents\\Work\\feesman\\src\\firebase\\firebase.config.js": {"path":"C:\\Users\\Oreoluwa.Adewunmi\\Documents\\Work\\feesman\\src\\firebase\\firebase.config.js","statementMap":{"0":{"start":{"line":3,"column":23},"end":{"line":10,"column":null}},"1":{"start":{"line":12,"column":13},"end":{"line":12,"column":48}}},"fnMap":{},"branchMap":{},"s":{"0":1,"1":1},"f":{},"b":{},"meta":{"lastBranch":0,"lastFunction":0,"lastStatement":2,"seen":{"s:3:23:10:Infinity":0,"s:12:13:12:48":1}}}
,"C:\\Users\\Oreoluwa.Adewunmi\\Documents\\Work\\feesman\\src\\hooks\\UseToast.jsx": {"path":"C:\\Users\\Oreoluwa.Adewunmi\\Documents\\Work\\feesman\\src\\hooks\\UseToast.jsx","statementMap":{"0":{"start":{"line":4,"column":16},"end":{"line":4,"column":42}},"1":{"start":{"line":6,"column":8},"end":{"line":11,"column":null}},"2":{"start":{"line":7,"column":4},"end":{"line":7,"column":null}},"3":{"start":{"line":9,"column":4},"end":{"line":11,"column":null}},"4":{"start":{"line":10,"column":6},"end":{"line":10,"column":null}},"5":{"start":{"line":14,"column":8},"end":{"line":15,"column":null}},"6":{"start":{"line":15,"column":4},"end":{"line":15,"column":null}},"7":{"start":{"line":18,"column":2},"end":{"line":18,"column":null}}},"fnMap":{"0":{"name":"useToast","decl":{"start":{"line":3,"column":24},"end":{"line":3,"column":35}},"loc":{"start":{"line":3,"column":35},"end":{"line":18,"column":null}},"line":3},"1":{"name":"(anonymous_1)","decl":{"start":{"line":6,"column":8},"end":{"line":6,"column":21}},"loc":{"start":{"line":6,"column":72},"end":{"line":11,"column":null}},"line":6},"2":{"name":"(anonymous_2)","decl":{"start":{"line":9,"column":4},"end":{"line":9,"column":21}},"loc":{"start":{"line":9,"column":21},"end":{"line":11,"column":16}},"line":9},"3":{"name":"(anonymous_3)","decl":{"start":{"line":14,"column":8},"end":{"line":14,"column":31}},"loc":{"start":{"line":14,"column":31},"end":{"line":15,"column":null}},"line":14}},"branchMap":{"0":{"loc":{"start":{"line":6,"column":32},"end":{"line":6,"column":50}},"type":"default-arg","locations":[{"start":{"line":6,"column":39},"end":{"line":6,"column":50}}],"line":6},"1":{"loc":{"start":{"line":6,"column":50},"end":{"line":6,"column":72}},"type":"default-arg","locations":[{"start":{"line":6,"column":61},"end":{"line":6,"column":72}}],"line":6},"2":{"loc":{"start":{"line":15,"column":11},"end":{"line":15,"column":null}},"type":"cond-expr","locations":[{"start":{"line":15,"column":19},"end":{"line":15,"column":null}},{"start":{"line":15,"column":82},"end":{"line":15,"column":null}}],"line":15}},"s":{"0":24,"1":24,"2":4,"3":4,"4":0,"5":24,"6":24,"7":24},"f":{"0":24,"1":4,"2":0,"3":24},"b":{"0":[4],"1":[4],"2":[4,20]},"meta":{"lastBranch":3,"lastFunction":4,"lastStatement":8,"seen":{"f:3:24:3:35":0,"s:4:16:4:42":0,"s:6:8:11:Infinity":1,"f:6:8:6:21":1,"b:6:39:6:50":0,"b:6:61:6:72":1,"s:7:4:7:Infinity":2,"s:9:4:11:Infinity":3,"f:9:4:9:21":2,"s:10:6:10:Infinity":4,"s:14:8:15:Infinity":5,"f:14:8:14:31":3,"s:15:4:15:Infinity":6,"b:15:19:15:Infinity:15:82:15:Infinity":2,"s:18:2:18:Infinity":7}}}
,"C:\\Users\\Oreoluwa.Adewunmi\\Documents\\Work\\feesman\\src\\pages\\auth\\ForgotPassword.jsx": {"path":"C:\\Users\\Oreoluwa.Adewunmi\\Documents\\Work\\feesman\\src\\pages\\auth\\ForgotPassword.jsx","statementMap":{"0":{"start":{"line":9,"column":16},"end":{"line":9,"column":40}},"1":{"start":{"line":10,"column":15},"end":{"line":10,"column":41}},"2":{"start":{"line":11,"column":16},"end":{"line":11,"column":40}},"3":{"start":{"line":12,"column":18},"end":{"line":12,"column":47}},"4":{"start":{"line":14,"column":23},"end":{"line":28,"column":null}},"5":{"start":{"line":15,"column":4},"end":{"line":15,"column":null}},"6":{"start":{"line":16,"column":4},"end":{"line":16,"column":null}},"7":{"start":{"line":17,"column":4},"end":{"line":17,"column":null}},"8":{"start":{"line":18,"column":4},"end":{"line":28,"column":null}},"9":{"start":{"line":19,"column":6},"end":{"line":19,"column":null}},"10":{"start":{"line":20,"column":6},"end":{"line":20,"column":null}},"11":{"start":{"line":22,"column":18},"end":{"line":25,"column":null}},"12":{"start":{"line":26,"column":6},"end":{"line":26,"column":null}},"13":{"start":{"line":28,"column":6},"end":{"line":28,"column":null}},"14":{"start":{"line":32,"column":2},"end":{"line":137,"column":null}},"15":{"start":{"line":96,"column":18},"end":{"line":96,"column":null}},"16":{"start":{"line":97,"column":18},"end":{"line":97,"column":null}},"17":{"start":{"line":114,"column":37},"end":{"line":114,"column":61}}},"fnMap":{"0":{"name":"ForgotPassword","decl":{"start":{"line":8,"column":24},"end":{"line":8,"column":41}},"loc":{"start":{"line":8,"column":41},"end":{"line":137,"column":null}},"line":8},"1":{"name":"(anonymous_1)","decl":{"start":{"line":14,"column":23},"end":{"line":14,"column":30}},"loc":{"start":{"line":14,"column":36},"end":{"line":28,"column":null}},"line":14},"2":{"name":"(anonymous_2)","decl":{"start":{"line":95,"column":16},"end":{"line":95,"column":31}},"loc":{"start":{"line":95,"column":31},"end":{"line":97,"column":null}},"line":95},"3":{"name":"(anonymous_3)","decl":{"start":{"line":114,"column":20},"end":{"line":114,"column":31}},"loc":{"start":{"line":114,"column":37},"end":{"line":114,"column":61}},"line":114}},"branchMap":{"0":{"loc":{"start":{"line":26,"column":15},"end":{"line":26,"column":81}},"type":"binary-expr","locations":[{"start":{"line":26,"column":15},"end":{"line":26,"column":33}},{"start":{"line":26,"column":33},"end":{"line":26,"column":81}}],"line":26},"1":{"loc":{"start":{"line":71,"column":13},"end":{"line":73,"column":null}},"type":"cond-expr","locations":[{"start":{"line":72,"column":16},"end":{"line":72,"column":null}},{"start":{"line":73,"column":16},"end":{"line":73,"column":null}}],"line":71},"2":{"loc":{"start":{"line":76,"column":11},"end":{"line":79,"column":null}},"type":"binary-expr","locations":[{"start":{"line":76,"column":11},"end":{"line":76,"column":null}},{"start":{"line":77,"column":12},"end":{"line":79,"column":null}}],"line":76},"3":{"loc":{"start":{"line":83,"column":11},"end":{"line":127,"column":null}},"type":"cond-expr","locations":[{"start":{"line":84,"column":12},"end":{"line":104,"column":13}},{"start":{"line":104,"column":12},"end":{"line":127,"column":null}}],"line":83},"4":{"loc":{"start":{"line":126,"column":17},"end":{"line":127,"column":27}},"type":"binary-expr","locations":[{"start":{"line":126,"column":17},"end":{"line":126,"column":28}},{"start":{"line":126,"column":28},"end":{"line":127,"column":27}}],"line":126},"5":{"loc":{"start":{"line":127,"column":17},"end":{"line":127,"column":null}},"type":"cond-expr","locations":[{"start":{"line":127,"column":27},"end":{"line":127,"column":40}},{"start":{"line":127,"column":40},"end":{"line":127,"column":null}}],"line":127}},"s":{"0":15,"1":15,"2":15,"3":15,"4":15,"5":3,"6":3,"7":3,"8":3,"9":3,"10":1,"11":2,"12":2,"13":3,"14":15,"15":0,"16":0,"17":4},"f":{"0":15,"1":3,"2":0,"3":4},"b":{"0":[2,1],"1":[1,14],"2":[15,2],"3":[1,14],"4":[14,3],"5":[3,11]},"meta":{"lastBranch":6,"lastFunction":4,"lastStatement":18,"seen":{"f:8:24:8:41":0,"s:9:16:9:40":0,"s:10:15:10:41":1,"s:11:16:11:40":2,"s:12:18:12:47":3,"s:14:23:28:Infinity":4,"f:14:23:14:30":1,"s:15:4:15:Infinity":5,"s:16:4:16:Infinity":6,"s:17:4:17:Infinity":7,"s:18:4:28:Infinity":8,"s:19:6:19:Infinity":9,"s:20:6:20:Infinity":10,"s:22:18:25:Infinity":11,"s:26:6:26:Infinity":12,"b:26:15:26:33:26:33:26:81":0,"s:28:6:28:Infinity":13,"s:32:2:137:Infinity":14,"b:72:16:72:Infinity:73:16:73:Infinity":1,"b:76:11:76:Infinity:77:12:79:Infinity":2,"b:84:12:104:13:104:12:127:Infinity":3,"f:95:16:95:31":2,"s:96:18:96:Infinity":15,"s:97:18:97:Infinity":16,"f:114:20:114:31":3,"s:114:37:114:61":17,"b:126:17:126:28:126:28:127:27":4,"b:127:27:127:40:127:40:127:Infinity":5}}}
,"C:\\Users\\Oreoluwa.Adewunmi\\Documents\\Work\\feesman\\src\\pages\\auth\\Login.jsx": {"path":"C:\\Users\\Oreoluwa.Adewunmi\\Documents\\Work\\feesman\\src\\pages\\auth\\Login.jsx","statementMap":{"0":{"start":{"line":9,"column":49},"end":{"line":9,"column":74}},"1":{"start":{"line":10,"column":21},"end":{"line":10,"column":50}},"2":{"start":{"line":12,"column":8},"end":{"line":12,"column":32}},"3":{"start":{"line":13,"column":8},"end":{"line":13,"column":32}},"4":{"start":{"line":14,"column":15},"end":{"line":14,"column":null}},"5":{"start":{"line":16,"column":16},"end":{"line":16,"column":40}},"6":{"start":{"line":17,"column":19},"end":{"line":17,"column":46}},"7":{"start":{"line":18,"column":18},"end":{"line":18,"column":47}},"8":{"start":{"line":19,"column":16},"end":{"line":19,"column":40}},"9":{"start":{"line":20,"column":18},"end":{"line":20,"column":47}},"10":{"start":{"line":21,"column":24},"end":{"line":21,"column":59}},"11":{"start":{"line":24,"column":2},"end":{"line":28,"column":null}},"12":{"start":{"line":25,"column":4},"end":{"line":26,"column":null}},"13":{"start":{"line":26,"column":6},"end":{"line":26,"column":null}},"14":{"start":{"line":31,"column":23},"end":{"line":57,"column":null}},"15":{"start":{"line":32,"column":4},"end":{"line":32,"column":null}},"16":{"start":{"line":33,"column":4},"end":{"line":33,"column":null}},"17":{"start":{"line":33,"column":17},"end":{"line":33,"column":null}},"18":{"start":{"line":35,"column":4},"end":{"line":35,"column":null}},"19":{"start":{"line":36,"column":4},"end":{"line":36,"column":null}},"20":{"start":{"line":37,"column":20},"end":{"line":37,"column":null}},"21":{"start":{"line":39,"column":4},"end":{"line":57,"column":null}},"22":{"start":{"line":40,"column":6},"end":{"line":40,"column":null}},"23":{"start":{"line":41,"column":6},"end":{"line":41,"column":null}},"24":{"start":{"line":42,"column":6},"end":{"line":42,"column":null}},"25":{"start":{"line":43,"column":6},"end":{"line":43,"column":null}},"26":{"start":{"line":45,"column":18},"end":{"line":51,"column":null}},"27":{"start":{"line":53,"column":22},"end":{"line":53,"column":null}},"28":{"start":{"line":54,"column":6},"end":{"line":54,"column":null}},"29":{"start":{"line":55,"column":6},"end":{"line":55,"column":null}},"30":{"start":{"line":57,"column":6},"end":{"line":57,"column":null}},"31":{"start":{"line":57,"column":22},"end":{"line":57,"column":null}},"32":{"start":{"line":62,"column":28},"end":{"line":77,"column":null}},"33":{"start":{"line":63,"column":4},"end":{"line":63,"column":null}},"34":{"start":{"line":64,"column":4},"end":{"line":64,"column":null}},"35":{"start":{"line":65,"column":20},"end":{"line":65,"column":null}},"36":{"start":{"line":67,"column":4},"end":{"line":77,"column":null}},"37":{"start":{"line":68,"column":6},"end":{"line":68,"column":null}},"38":{"start":{"line":69,"column":6},"end":{"line":69,"column":null}},"39":{"start":{"line":70,"column":6},"end":{"line":70,"column":null}},"40":{"start":{"line":71,"column":6},"end":{"line":71,"column":null}},"41":{"start":{"line":73,"column":22},"end":{"line":73,"column":null}},"42":{"start":{"line":74,"column":6},"end":{"line":74,"column":null}},"43":{"start":{"line":75,"column":6},"end":{"line":75,"column":null}},"44":{"start":{"line":77,"column":6},"end":{"line":77,"column":null}},"45":{"start":{"line":77,"column":22},"end":{"line":77,"column":null}},"46":{"start":{"line":81,"column":2},"end":{"line":204,"column":null}},"47":{"start":{"line":145,"column":35},"end":{"line":145,"column":59}},"48":{"start":{"line":161,"column":35},"end":{"line":161,"column":62}},"49":{"start":{"line":165,"column":78},"end":{"line":165,"column":98}}},"fnMap":{"0":{"name":"Login","decl":{"start":{"line":8,"column":24},"end":{"line":8,"column":32}},"loc":{"start":{"line":8,"column":32},"end":{"line":204,"column":null}},"line":8},"1":{"name":"(anonymous_1)","decl":{"start":{"line":24,"column":2},"end":{"line":24,"column":18}},"loc":{"start":{"line":24,"column":18},"end":{"line":28,"column":6}},"line":24},"2":{"name":"(anonymous_2)","decl":{"start":{"line":31,"column":23},"end":{"line":31,"column":30}},"loc":{"start":{"line":31,"column":36},"end":{"line":57,"column":null}},"line":31},"3":{"name":"(anonymous_3)","decl":{"start":{"line":62,"column":28},"end":{"line":62,"column":40}},"loc":{"start":{"line":62,"column":40},"end":{"line":77,"column":null}},"line":62},"4":{"name":"(anonymous_4)","decl":{"start":{"line":145,"column":18},"end":{"line":145,"column":29}},"loc":{"start":{"line":145,"column":35},"end":{"line":145,"column":59}},"line":145},"5":{"name":"(anonymous_5)","decl":{"start":{"line":161,"column":18},"end":{"line":161,"column":29}},"loc":{"start":{"line":161,"column":35},"end":{"line":161,"column":62}},"line":161},"6":{"name":"(anonymous_6)","decl":{"start":{"line":165,"column":63},"end":{"line":165,"column":78}},"loc":{"start":{"line":165,"column":78},"end":{"line":165,"column":98}},"line":165}},"branchMap":{"0":{"loc":{"start":{"line":14,"column":15},"end":{"line":14,"column":null}},"type":"binary-expr","locations":[{"start":{"line":14,"column":15},"end":{"line":14,"column":49}},{"start":{"line":14,"column":49},"end":{"line":14,"column":null}}],"line":14},"1":{"loc":{"start":{"line":25,"column":4},"end":{"line":26,"column":null}},"type":"if","locations":[{"start":{"line":25,"column":4},"end":{"line":26,"column":null}},{"start":{},"end":{}}],"line":25},"2":{"loc":{"start":{"line":25,"column":8},"end":{"line":25,"column":30}},"type":"binary-expr","locations":[{"start":{"line":25,"column":8},"end":{"line":25,"column":24}},{"start":{"line":25,"column":24},"end":{"line":25,"column":30}}],"line":25},"3":{"loc":{"start":{"line":33,"column":4},"end":{"line":33,"column":null}},"type":"if","locations":[{"start":{"line":33,"column":4},"end":{"line":33,"column":null}},{"start":{},"end":{}}],"line":33},"4":{"loc":{"start":{"line":53,"column":22},"end":{"line":53,"column":null}},"type":"binary-expr","locations":[{"start":{"line":53,"column":22},"end":{"line":53,"column":40}},{"start":{"line":53,"column":40},"end":{"line":53,"column":null}}],"line":53},"5":{"loc":{"start":{"line":57,"column":6},"end":{"line":57,"column":null}},"type":"if","locations":[{"start":{"line":57,"column":6},"end":{"line":57,"column":null}},{"start":{},"end":{}}],"line":57},"6":{"loc":{"start":{"line":77,"column":6},"end":{"line":77,"column":null}},"type":"if","locations":[{"start":{"line":77,"column":6},"end":{"line":77,"column":null}},{"start":{},"end":{}}],"line":77},"7":{"loc":{"start":{"line":126,"column":11},"end":{"line":129,"column":null}},"type":"binary-expr","locations":[{"start":{"line":126,"column":11},"end":{"line":126,"column":null}},{"start":{"line":127,"column":12},"end":{"line":129,"column":null}}],"line":126},"8":{"loc":{"start":{"line":158,"column":24},"end":{"line":158,"column":null}},"type":"cond-expr","locations":[{"start":{"line":158,"column":34},"end":{"line":158,"column":43}},{"start":{"line":158,"column":43},"end":{"line":158,"column":null}}],"line":158},"9":{"loc":{"start":{"line":166,"column":19},"end":{"line":166,"column":null}},"type":"cond-expr","locations":[{"start":{"line":166,"column":29},"end":{"line":166,"column":45}},{"start":{"line":166,"column":44},"end":{"line":166,"column":null}}],"line":166},"10":{"loc":{"start":{"line":173,"column":15},"end":{"line":173,"column":null}},"type":"cond-expr","locations":[{"start":{"line":173,"column":25},"end":{"line":173,"column":43}},{"start":{"line":173,"column":43},"end":{"line":173,"column":null}}],"line":173},"11":{"loc":{"start":{"line":186,"column":13},"end":{"line":186,"column":null}},"type":"cond-expr","locations":[{"start":{"line":186,"column":29},"end":{"line":186,"column":47}},{"start":{"line":186,"column":47},"end":{"line":186,"column":null}}],"line":186}},"s":{"0":24,"1":24,"2":24,"3":24,"4":24,"5":24,"6":24,"7":24,"8":24,"9":24,"10":24,"11":24,"12":8,"13":1,"14":24,"15":2,"16":2,"17":0,"18":2,"19":2,"20":2,"21":2,"22":2,"23":1,"24":1,"25":1,"26":1,"27":1,"28":1,"29":1,"30":2,"31":1,"32":24,"33":2,"34":2,"35":2,"36":2,"37":2,"38":1,"39":1,"40":1,"41":1,"42":1,"43":1,"44":2,"45":1,"46":24,"47":3,"48":3,"49":2},"f":{"0":24,"1":8,"2":2,"3":2,"4":3,"5":3,"6":2},"b":{"0":[24,0],"1":[1,7],"2":[8,8],"3":[0,2],"4":[1,0],"5":[1,1],"6":[1,1],"7":[24,2],"8":[1,23],"9":[1,23],"10":[3,21],"11":[3,21]},"meta":{"lastBranch":12,"lastFunction":7,"lastStatement":50,"seen":{"f:8:24:8:32":0,"s:9:49:9:74":0,"s:10:21:10:50":1,"s:12:8:12:32":2,"s:13:8:13:32":3,"s:14:15:14:Infinity":4,"b:14:15:14:49:14:49:14:Infinity":0,"s:16:16:16:40":5,"s:17:19:17:46":6,"s:18:18:18:47":7,"s:19:16:19:40":8,"s:20:18:20:47":9,"s:21:24:21:59":10,"s:24:2:28:Infinity":11,"f:24:2:24:18":1,"b:25:4:26:Infinity:undefined:undefined:undefined:undefined":1,"s:25:4:26:Infinity":12,"b:25:8:25:24:25:24:25:30":2,"s:26:6:26:Infinity":13,"s:31:23:57:Infinity":14,"f:31:23:31:30":2,"s:32:4:32:Infinity":15,"b:33:4:33:Infinity:undefined:undefined:undefined:undefined":3,"s:33:4:33:Infinity":16,"s:33:17:33:Infinity":17,"s:35:4:35:Infinity":18,"s:36:4:36:Infinity":19,"s:37:20:37:Infinity":20,"s:39:4:57:Infinity":21,"s:40:6:40:Infinity":22,"s:41:6:41:Infinity":23,"s:42:6:42:Infinity":24,"s:43:6:43:Infinity":25,"s:45:18:51:Infinity":26,"s:53:22:53:Infinity":27,"b:53:22:53:40:53:40:53:Infinity":4,"s:54:6:54:Infinity":28,"s:55:6:55:Infinity":29,"b:57:6:57:Infinity:undefined:undefined:undefined:undefined":5,"s:57:6:57:Infinity":30,"s:57:22:57:Infinity":31,"s:62:28:77:Infinity":32,"f:62:28:62:40":3,"s:63:4:63:Infinity":33,"s:64:4:64:Infinity":34,"s:65:20:65:Infinity":35,"s:67:4:77:Infinity":36,"s:68:6:68:Infinity":37,"s:69:6:69:Infinity":38,"s:70:6:70:Infinity":39,"s:71:6:71:Infinity":40,"s:73:22:73:Infinity":41,"s:74:6:74:Infinity":42,"s:75:6:75:Infinity":43,"b:77:6:77:Infinity:undefined:undefined:undefined:undefined":6,"s:77:6:77:Infinity":44,"s:77:22:77:Infinity":45,"s:81:2:204:Infinity":46,"b:126:11:126:Infinity:127:12:129:Infinity":7,"f:145:18:145:29":4,"s:145:35:145:59":47,"b:158:34:158:43:158:43:158:Infinity":8,"f:161:18:161:29":5,"s:161:35:161:62":48,"f:165:63:165:78":6,"s:165:78:165:98":49,"b:166:29:166:45:166:44:166:Infinity":9,"b:173:25:173:43:173:43:173:Infinity":10,"b:186:29:186:47:186:47:186:Infinity":11}}}
,"C:\\Users\\Oreoluwa.Adewunmi\\Documents\\Work\\feesman\\src\\pages\\auth\\Register.jsx": {"path":"C:\\Users\\Oreoluwa.Adewunmi\\Documents\\Work\\feesman\\src\\pages\\auth\\Register.jsx","statementMap":{"0":{"start":{"line":8,"column":20},"end":{"line":8,"column":52}},"1":{"start":{"line":9,"column":8},"end":{"line":9,"column":32}},"2":{"start":{"line":10,"column":15},"end":{"line":10,"column":86}},"3":{"start":{"line":11,"column":18},"end":{"line":11,"column":47}},"4":{"start":{"line":12,"column":16},"end":{"line":12,"column":40}},"5":{"start":{"line":13,"column":18},"end":{"line":13,"column":47}},"6":{"start":{"line":15,"column":8},"end":{"line":15,"column":85}},"7":{"start":{"line":15,"column":15},"end":{"line":15,"column":85}},"8":{"start":{"line":15,"column":30},"end":{"line":15,"column":85}},"9":{"start":{"line":15,"column":49},"end":{"line":15,"column":85}},"10":{"start":{"line":17,"column":23},"end":{"line":58,"column":null}},"11":{"start":{"line":18,"column":4},"end":{"line":18,"column":null}},"12":{"start":{"line":19,"column":4},"end":{"line":19,"column":null}},"13":{"start":{"line":22,"column":4},"end":{"line":24,"column":null}},"14":{"start":{"line":23,"column":6},"end":{"line":23,"column":null}},"15":{"start":{"line":24,"column":6},"end":{"line":24,"column":null}},"16":{"start":{"line":26,"column":4},"end":{"line":28,"column":null}},"17":{"start":{"line":27,"column":6},"end":{"line":27,"column":null}},"18":{"start":{"line":28,"column":6},"end":{"line":28,"column":null}},"19":{"start":{"line":30,"column":4},"end":{"line":32,"column":null}},"20":{"start":{"line":31,"column":6},"end":{"line":31,"column":null}},"21":{"start":{"line":32,"column":6},"end":{"line":32,"column":null}},"22":{"start":{"line":35,"column":4},"end":{"line":35,"column":null}},"23":{"start":{"line":36,"column":4},"end":{"line":58,"column":null}},"24":{"start":{"line":37,"column":6},"end":{"line":37,"column":null}},"25":{"start":{"line":38,"column":6},"end":{"line":38,"column":null}},"26":{"start":{"line":41,"column":6},"end":{"line":41,"column":null}},"27":{"start":{"line":43,"column":18},"end":{"line":51,"column":null}},"28":{"start":{"line":53,"column":6},"end":{"line":56,"column":null}},"29":{"start":{"line":58,"column":6},"end":{"line":58,"column":null}},"30":{"start":{"line":62,"column":31},"end":{"line":72,"column":null}},"31":{"start":{"line":63,"column":4},"end":{"line":63,"column":null}},"32":{"start":{"line":64,"column":4},"end":{"line":64,"column":null}},"33":{"start":{"line":66,"column":4},"end":{"line":72,"column":null}},"34":{"start":{"line":67,"column":6},"end":{"line":67,"column":null}},"35":{"start":{"line":68,"column":6},"end":{"line":68,"column":null}},"36":{"start":{"line":70,"column":6},"end":{"line":70,"column":null}},"37":{"start":{"line":72,"column":6},"end":{"line":72,"column":null}},"38":{"start":{"line":76,"column":2},"end":{"line":221,"column":null}},"39":{"start":{"line":175,"column":33},"end":{"line":175,"column":53}}},"fnMap":{"0":{"name":"Register","decl":{"start":{"line":7,"column":24},"end":{"line":7,"column":35}},"loc":{"start":{"line":7,"column":35},"end":{"line":221,"column":null}},"line":7},"1":{"name":"(anonymous_1)","decl":{"start":{"line":15,"column":8},"end":{"line":15,"column":15}},"loc":{"start":{"line":15,"column":15},"end":{"line":15,"column":85}},"line":15},"2":{"name":"(anonymous_2)","decl":{"start":{"line":15,"column":15},"end":{"line":15,"column":24}},"loc":{"start":{"line":15,"column":30},"end":{"line":15,"column":85}},"line":15},"3":{"name":"(anonymous_3)","decl":{"start":{"line":15,"column":30},"end":{"line":15,"column":39}},"loc":{"start":{"line":15,"column":49},"end":{"line":15,"column":85}},"line":15},"4":{"name":"(anonymous_4)","decl":{"start":{"line":17,"column":23},"end":{"line":17,"column":30}},"loc":{"start":{"line":17,"column":36},"end":{"line":58,"column":null}},"line":17},"5":{"name":"(anonymous_5)","decl":{"start":{"line":62,"column":31},"end":{"line":62,"column":43}},"loc":{"start":{"line":62,"column":43},"end":{"line":72,"column":null}},"line":62},"6":{"name":"(anonymous_6)","decl":{"start":{"line":175,"column":18},"end":{"line":175,"column":33}},"loc":{"start":{"line":175,"column":33},"end":{"line":175,"column":53}},"line":175}},"branchMap":{"0":{"loc":{"start":{"line":22,"column":4},"end":{"line":24,"column":null}},"type":"if","locations":[{"start":{"line":22,"column":4},"end":{"line":24,"column":null}},{"start":{},"end":{}}],"line":22},"1":{"loc":{"start":{"line":26,"column":4},"end":{"line":28,"column":null}},"type":"if","locations":[{"start":{"line":26,"column":4},"end":{"line":28,"column":null}},{"start":{},"end":{}}],"line":26},"2":{"loc":{"start":{"line":30,"column":4},"end":{"line":32,"column":null}},"type":"if","locations":[{"start":{"line":30,"column":4},"end":{"line":32,"column":null}},{"start":{},"end":{}}],"line":30},"3":{"loc":{"start":{"line":54,"column":8},"end":{"line":55,"column":null}},"type":"binary-expr","locations":[{"start":{"line":54,"column":8},"end":{"line":54,"column":null}},{"start":{"line":55,"column":10},"end":{"line":55,"column":null}}],"line":54},"4":{"loc":{"start":{"line":55,"column":34},"end":{"line":55,"column":63}},"type":"binary-expr","locations":[{"start":{"line":55,"column":34},"end":{"line":55,"column":47}},{"start":{"line":55,"column":47},"end":{"line":55,"column":63}}],"line":55},"5":{"loc":{"start":{"line":117,"column":11},"end":{"line":120,"column":null}},"type":"binary-expr","locations":[{"start":{"line":117,"column":11},"end":{"line":117,"column":null}},{"start":{"line":118,"column":12},"end":{"line":120,"column":null}}],"line":117},"6":{"loc":{"start":{"line":165,"column":24},"end":{"line":165,"column":null}},"type":"cond-expr","locations":[{"start":{"line":165,"column":34},"end":{"line":165,"column":43}},{"start":{"line":165,"column":43},"end":{"line":165,"column":null}}],"line":165},"7":{"loc":{"start":{"line":178,"column":19},"end":{"line":178,"column":null}},"type":"cond-expr","locations":[{"start":{"line":178,"column":29},"end":{"line":178,"column":45}},{"start":{"line":178,"column":44},"end":{"line":178,"column":null}}],"line":178},"8":{"loc":{"start":{"line":190,"column":24},"end":{"line":190,"column":null}},"type":"cond-expr","locations":[{"start":{"line":190,"column":34},"end":{"line":190,"column":43}},{"start":{"line":190,"column":43},"end":{"line":190,"column":null}}],"line":190},"9":{"loc":{"start":{"line":201,"column":15},"end":{"line":202,"column":25}},"type":"binary-expr","locations":[{"start":{"line":201,"column":15},"end":{"line":201,"column":26}},{"start":{"line":201,"column":26},"end":{"line":202,"column":25}}],"line":201},"10":{"loc":{"start":{"line":202,"column":15},"end":{"line":202,"column":null}},"type":"cond-expr","locations":[{"start":{"line":202,"column":25},"end":{"line":202,"column":47}},{"start":{"line":202,"column":47},"end":{"line":202,"column":null}}],"line":202}},"s":{"0":25,"1":25,"2":25,"3":25,"4":25,"5":25,"6":25,"7":100,"8":15,"9":15,"10":25,"11":3,"12":3,"13":3,"14":0,"15":0,"16":3,"17":0,"18":0,"19":3,"20":1,"21":1,"22":2,"23":2,"24":2,"25":1,"26":1,"27":1,"28":1,"29":2,"30":25,"31":0,"32":0,"33":0,"34":0,"35":0,"36":0,"37":0,"38":25,"39":0},"f":{"0":25,"1":100,"2":15,"3":15,"4":3,"5":0,"6":0},"b":{"0":[0,3],"1":[0,3],"2":[1,2],"3":[1,0],"4":[0,0],"5":[25,2],"6":[0,25],"7":[0,25],"8":[0,25],"9":[25,2],"10":[2,23]},"meta":{"lastBranch":11,"lastFunction":7,"lastStatement":40,"seen":{"f:7:24:7:35":0,"s:8:20:8:52":0,"s:9:8:9:32":1,"s:10:15:10:86":2,"s:11:18:11:47":3,"s:12:16:12:40":4,"s:13:18:13:47":5,"s:15:8:15:85":6,"f:15:8:15:15":1,"s:15:15:15:85":7,"f:15:15:15:24":2,"s:15:30:15:85":8,"f:15:30:15:39":3,"s:15:49:15:85":9,"s:17:23:58:Infinity":10,"f:17:23:17:30":4,"s:18:4:18:Infinity":11,"s:19:4:19:Infinity":12,"b:22:4:24:Infinity:undefined:undefined:undefined:undefined":0,"s:22:4:24:Infinity":13,"s:23:6:23:Infinity":14,"s:24:6:24:Infinity":15,"b:26:4:28:Infinity:undefined:undefined:undefined:undefined":1,"s:26:4:28:Infinity":16,"s:27:6:27:Infinity":17,"s:28:6:28:Infinity":18,"b:30:4:32:Infinity:undefined:undefined:undefined:undefined":2,"s:30:4:32:Infinity":19,"s:31:6:31:Infinity":20,"s:32:6:32:Infinity":21,"s:35:4:35:Infinity":22,"s:36:4:58:Infinity":23,"s:37:6:37:Infinity":24,"s:38:6:38:Infinity":25,"s:41:6:41:Infinity":26,"s:43:18:51:Infinity":27,"s:53:6:56:Infinity":28,"b:54:8:54:Infinity:55:10:55:Infinity":3,"b:55:34:55:47:55:47:55:63":4,"s:58:6:58:Infinity":29,"s:62:31:72:Infinity":30,"f:62:31:62:43":5,"s:63:4:63:Infinity":31,"s:64:4:64:Infinity":32,"s:66:4:72:Infinity":33,"s:67:6:67:Infinity":34,"s:68:6:68:Infinity":35,"s:70:6:70:Infinity":36,"s:72:6:72:Infinity":37,"s:76:2:221:Infinity":38,"b:117:11:117:Infinity:118:12:120:Infinity":5,"b:165:34:165:43:165:43:165:Infinity":6,"f:175:18:175:33":6,"s:175:33:175:53":39,"b:178:29:178:45:178:44:178:Infinity":7,"b:190:34:190:43:190:43:190:Infinity":8,"b:201:15:201:26:201:26:202:25":9,"b:202:25:202:47:202:47:202:Infinity":10}}}
,"C:\\Users\\Oreoluwa.Adewunmi\\Documents\\Work\\feesman\\src\\pages\\dashboard\\Dashboard.jsx": {"path":"C:\\Users\\Oreoluwa.Adewunmi\\Documents\\Work\\feesman\\src\\pages\\dashboard\\Dashboard.jsx","statementMap":{"0":{"start":{"line":55,"column":22},"end":{"line":55,"column":null}},"1":{"start":{"line":56,"column":20},"end":{"line":65,"column":null}},"2":{"start":{"line":67,"column":20},"end":{"line":67,"column":null}},"3":{"start":{"line":69,"column":19},"end":{"line":94,"column":null}},"4":{"start":{"line":105,"column":8},"end":{"line":105,"column":61}},"5":{"start":{"line":106,"column":2},"end":{"line":248,"column":null}},"6":{"start":{"line":243,"column":29},"end":{"line":243,"column":57}},"7":{"start":{"line":261,"column":8},"end":{"line":261,"column":61}},"8":{"start":{"line":262,"column":2},"end":{"line":344,"column":null}},"9":{"start":{"line":339,"column":29},"end":{"line":339,"column":57}},"10":{"start":{"line":351,"column":8},"end":{"line":351,"column":61}},"11":{"start":{"line":352,"column":2},"end":{"line":457,"column":null}},"12":{"start":{"line":420,"column":14},"end":{"line":427,"column":null}},"13":{"start":{"line":452,"column":29},"end":{"line":452,"column":57}},"14":{"start":{"line":463,"column":22},"end":{"line":469,"column":null}},"15":{"start":{"line":471,"column":2},"end":{"line":562,"column":null}},"16":{"start":{"line":576,"column":2},"end":{"line":678,"column":null}},"17":{"start":{"line":639,"column":14},"end":{"line":656,"column":null}},"18":{"start":{"line":673,"column":29},"end":{"line":673,"column":57}},"19":{"start":{"line":695,"column":8},"end":{"line":695,"column":61}},"20":{"start":{"line":697,"column":4},"end":{"line":697,"column":null}},"21":{"start":{"line":699,"column":2},"end":{"line":841,"column":null}},"22":{"start":{"line":821,"column":29},"end":{"line":821,"column":57}},"23":{"start":{"line":849,"column":16},"end":{"line":849,"column":49}},"24":{"start":{"line":850,"column":21},"end":{"line":850,"column":59}},"25":{"start":{"line":851,"column":18},"end":{"line":851,"column":46}},"26":{"start":{"line":852,"column":16},"end":{"line":852,"column":42}},"27":{"start":{"line":853,"column":23},"end":{"line":853,"column":56}},"28":{"start":{"line":854,"column":22},"end":{"line":854,"column":54}},"29":{"start":{"line":855,"column":22},"end":{"line":855,"column":51}},"30":{"start":{"line":856,"column":8},"end":{"line":856,"column":32}},"31":{"start":{"line":857,"column":16},"end":{"line":857,"column":33}},"32":{"start":{"line":859,"column":19},"end":{"line":859,"column":null}},"33":{"start":{"line":860,"column":18},"end":{"line":860,"column":null}},"34":{"start":{"line":863,"column":25},"end":{"line":863,"column":null}},"35":{"start":{"line":865,"column":25},"end":{"line":865,"column":85}},"36":{"start":{"line":866,"column":26},"end":{"line":866,"column":90}},"37":{"start":{"line":867,"column":24},"end":{"line":867,"column":85}},"38":{"start":{"line":868,"column":26},"end":{"line":868,"column":63}},"39":{"start":{"line":870,"column":8},"end":{"line":893,"column":null}},"40":{"start":{"line":872,"column":6},"end":{"line":872,"column":null}},"41":{"start":{"line":872,"column":23},"end":{"line":872,"column":null}},"42":{"start":{"line":874,"column":6},"end":{"line":890,"column":null}},"43":{"start":{"line":875,"column":18},"end":{"line":875,"column":37}},"44":{"start":{"line":876,"column":8},"end":{"line":876,"column":null}},"45":{"start":{"line":876,"column":49},"end":{"line":876,"column":null}},"46":{"start":{"line":877,"column":8},"end":{"line":877,"column":null}},"47":{"start":{"line":878,"column":8},"end":{"line":878,"column":null}},"48":{"start":{"line":879,"column":8},"end":{"line":882,"column":null}},"49":{"start":{"line":883,"column":8},"end":{"line":883,"column":null}},"50":{"start":{"line":885,"column":8},"end":{"line":887,"column":null}},"51":{"start":{"line":886,"column":10},"end":{"line":886,"column":null}},"52":{"start":{"line":887,"column":10},"end":{"line":887,"column":null}},"53":{"start":{"line":890,"column":8},"end":{"line":890,"column":null}},"54":{"start":{"line":890,"column":25},"end":{"line":890,"column":null}},"55":{"start":{"line":896,"column":8},"end":{"line":923,"column":null}},"56":{"start":{"line":898,"column":6},"end":{"line":898,"column":null}},"57":{"start":{"line":898,"column":41},"end":{"line":898,"column":null}},"58":{"start":{"line":899,"column":6},"end":{"line":901,"column":null}},"59":{"start":{"line":900,"column":8},"end":{"line":900,"column":null}},"60":{"start":{"line":901,"column":8},"end":{"line":901,"column":null}},"61":{"start":{"line":904,"column":6},"end":{"line":920,"column":null}},"62":{"start":{"line":906,"column":21},"end":{"line":906,"column":78}},"63":{"start":{"line":907,"column":8},"end":{"line":907,"column":null}},"64":{"start":{"line":910,"column":8},"end":{"line":912,"column":null}},"65":{"start":{"line":911,"column":24},"end":{"line":911,"column":73}},"66":{"start":{"line":912,"column":10},"end":{"line":912,"column":null}},"67":{"start":{"line":915,"column":8},"end":{"line":916,"column":null}},"68":{"start":{"line":916,"column":10},"end":{"line":916,"column":null}},"69":{"start":{"line":918,"column":8},"end":{"line":918,"column":null}},"70":{"start":{"line":920,"column":8},"end":{"line":920,"column":null}},"71":{"start":{"line":920,"column":25},"end":{"line":920,"column":null}},"72":{"start":{"line":926,"column":2},"end":{"line":959,"column":null}},"73":{"start":{"line":927,"column":10},"end":{"line":927,"column":59}},"74":{"start":{"line":928,"column":30},"end":{"line":928,"column":null}},"75":{"start":{"line":929,"column":29},"end":{"line":929,"column":null}},"76":{"start":{"line":931,"column":4},"end":{"line":950,"column":null}},"77":{"start":{"line":932,"column":6},"end":{"line":932,"column":null}},"78":{"start":{"line":933,"column":6},"end":{"line":933,"column":null}},"79":{"start":{"line":935,"column":12},"end":{"line":936,"column":null}},"80":{"start":{"line":939,"column":6},"end":{"line":942,"column":null}},"81":{"start":{"line":940,"column":8},"end":{"line":940,"column":null}},"82":{"start":{"line":941,"column":8},"end":{"line":941,"column":null}},"83":{"start":{"line":942,"column":8},"end":{"line":942,"column":null}},"84":{"start":{"line":945,"column":12},"end":{"line":946,"column":null}},"85":{"start":{"line":949,"column":6},"end":{"line":950,"column":null}},"86":{"start":{"line":950,"column":8},"end":{"line":950,"column":null}},"87":{"start":{"line":954,"column":4},"end":{"line":955,"column":null}},"88":{"start":{"line":955,"column":6},"end":{"line":955,"column":null}},"89":{"start":{"line":958,"column":4},"end":{"line":958,"column":null}},"90":{"start":{"line":961,"column":2},"end":{"line":964,"column":null}},"91":{"start":{"line":962,"column":4},"end":{"line":962,"column":null}},"92":{"start":{"line":962,"column":39},"end":{"line":962,"column":null}},"93":{"start":{"line":963,"column":4},"end":{"line":963,"column":null}},"94":{"start":{"line":966,"column":8},"end":{"line":968,"column":null}},"95":{"start":{"line":967,"column":11},"end":{"line":967,"column":null}},"96":{"start":{"line":971,"column":2},"end":{"line":974,"column":null}},"97":{"start":{"line":972,"column":18},"end":{"line":972,"column":99}},"98":{"start":{"line":972,"column":36},"end":{"line":972,"column":92}},"99":{"start":{"line":972,"column":52},"end":{"line":972,"column":92}},"100":{"start":{"line":973,"column":4},"end":{"line":973,"column":null}},"101":{"start":{"line":973,"column":17},"end":{"line":973,"column":37}},"102":{"start":{"line":976,"column":2},"end":{"line":976,"column":null}},"103":{"start":{"line":976,"column":15},"end":{"line":976,"column":null}},"104":{"start":{"line":978,"column":2},"end":{"line":988,"column":null}},"105":{"start":{"line":979,"column":4},"end":{"line":988,"column":null}},"106":{"start":{"line":993,"column":23},"end":{"line":1015,"column":null}},"107":{"start":{"line":1016,"column":17},"end":{"line":1016,"column":null}},"108":{"start":{"line":1018,"column":21},"end":{"line":1052,"column":58}},"109":{"start":{"line":1051,"column":19},"end":{"line":1051,"column":26}},"110":{"start":{"line":1052,"column":17},"end":{"line":1052,"column":58}},"111":{"start":{"line":1052,"column":40},"end":{"line":1052,"column":56}},"112":{"start":{"line":1054,"column":22},"end":{"line":1063,"column":null}},"113":{"start":{"line":1067,"column":24},"end":{"line":1079,"column":null}},"114":{"start":{"line":1082,"column":2},"end":{"line":1113,"column":null}},"115":{"start":{"line":1112,"column":31},"end":{"line":1112,"column":null}}},"fnMap":{"0":{"name":"SuperAdminView","decl":{"start":{"line":96,"column":9},"end":{"line":96,"column":24}},"loc":{"start":{"line":104,"column":3},"end":{"line":248,"column":null}},"line":104},"1":{"name":"(anonymous_1)","decl":{"start":{"line":243,"column":12},"end":{"line":243,"column":29}},"loc":{"start":{"line":243,"column":29},"end":{"line":243,"column":57}},"line":243},"2":{"name":"AdminView","decl":{"start":{"line":252,"column":9},"end":{"line":252,"column":19}},"loc":{"start":{"line":260,"column":3},"end":{"line":344,"column":null}},"line":260},"3":{"name":"(anonymous_3)","decl":{"start":{"line":339,"column":12},"end":{"line":339,"column":29}},"loc":{"start":{"line":339,"column":29},"end":{"line":339,"column":57}},"line":339},"4":{"name":"AccountantView","decl":{"start":{"line":350,"column":9},"end":{"line":350,"column":24}},"loc":{"start":{"line":350,"column":90},"end":{"line":457,"column":null}},"line":350},"5":{"name":"(anonymous_5)","decl":{"start":{"line":419,"column":37},"end":{"line":419,"column":42}},"loc":{"start":{"line":420,"column":14},"end":{"line":427,"column":null}},"line":420},"6":{"name":"(anonymous_6)","decl":{"start":{"line":452,"column":12},"end":{"line":452,"column":29}},"loc":{"start":{"line":452,"column":29},"end":{"line":452,"column":57}},"line":452},"7":{"name":"ITAdminView","decl":{"start":{"line":462,"column":9},"end":{"line":462,"column":21}},"loc":{"start":{"line":462,"column":76},"end":{"line":562,"column":null}},"line":462},"8":{"name":"AdminOfficerView","decl":{"start":{"line":567,"column":9},"end":{"line":567,"column":26}},"loc":{"start":{"line":575,"column":3},"end":{"line":678,"column":null}},"line":575},"9":{"name":"(anonymous_9)","decl":{"start":{"line":638,"column":33},"end":{"line":638,"column":38}},"loc":{"start":{"line":639,"column":14},"end":{"line":656,"column":null}},"line":639},"10":{"name":"(anonymous_10)","decl":{"start":{"line":673,"column":12},"end":{"line":673,"column":29}},"loc":{"start":{"line":673,"column":29},"end":{"line":673,"column":57}},"line":673},"11":{"name":"GenericPermissionView","decl":{"start":{"line":683,"column":9},"end":{"line":683,"column":31}},"loc":{"start":{"line":694,"column":3},"end":{"line":841,"column":null}},"line":694},"12":{"name":"(anonymous_12)","decl":{"start":{"line":821,"column":12},"end":{"line":821,"column":29}},"loc":{"start":{"line":821,"column":29},"end":{"line":821,"column":57}},"line":821},"13":{"name":"Dashboard","decl":{"start":{"line":848,"column":24},"end":{"line":848,"column":36}},"loc":{"start":{"line":848,"column":36},"end":{"line":1113,"column":null}},"line":848},"14":{"name":"(anonymous_14)","decl":{"start":{"line":871,"column":4},"end":{"line":871,"column":11}},"loc":{"start":{"line":871,"column":43},"end":{"line":893,"column":5}},"line":871},"15":{"name":"(anonymous_15)","decl":{"start":{"line":897,"column":4},"end":{"line":897,"column":11}},"loc":{"start":{"line":897,"column":34},"end":{"line":923,"column":5}},"line":897},"16":{"name":"(anonymous_16)","decl":{"start":{"line":926,"column":2},"end":{"line":926,"column":18}},"loc":{"start":{"line":926,"column":18},"end":{"line":959,"column":6}},"line":926},"17":{"name":"(anonymous_17)","decl":{"start":{"line":961,"column":2},"end":{"line":961,"column":18}},"loc":{"start":{"line":961,"column":18},"end":{"line":964,"column":6}},"line":961},"18":{"name":"(anonymous_18)","decl":{"start":{"line":966,"column":25},"end":{"line":966,"column":null}},"loc":{"start":{"line":967,"column":11},"end":{"line":967,"column":null}},"line":967},"19":{"name":"(anonymous_19)","decl":{"start":{"line":971,"column":2},"end":{"line":971,"column":18}},"loc":{"start":{"line":971,"column":18},"end":{"line":974,"column":7}},"line":971},"20":{"name":"(anonymous_20)","decl":{"start":{"line":972,"column":18},"end":{"line":972,"column":36}},"loc":{"start":{"line":972,"column":36},"end":{"line":972,"column":92}},"line":972},"21":{"name":"(anonymous_21)","decl":{"start":{"line":972,"column":36},"end":{"line":972,"column":52}},"loc":{"start":{"line":972,"column":52},"end":{"line":972,"column":92}},"line":972},"22":{"name":"(anonymous_22)","decl":{"start":{"line":973,"column":4},"end":{"line":973,"column":17}},"loc":{"start":{"line":973,"column":17},"end":{"line":973,"column":37}},"line":973},"23":{"name":"(anonymous_23)","decl":{"start":{"line":1051,"column":5},"end":{"line":1051,"column":13}},"loc":{"start":{"line":1051,"column":19},"end":{"line":1051,"column":26}},"line":1051},"24":{"name":"(anonymous_24)","decl":{"start":{"line":1052,"column":5},"end":{"line":1052,"column":10}},"loc":{"start":{"line":1052,"column":17},"end":{"line":1052,"column":58}},"line":1052},"25":{"name":"(anonymous_25)","decl":{"start":{"line":1052,"column":25},"end":{"line":1052,"column":40}},"loc":{"start":{"line":1052,"column":40},"end":{"line":1052,"column":56}},"line":1052},"26":{"name":"(anonymous_26)","decl":{"start":{"line":1112,"column":8},"end":{"line":1112,"column":24}},"loc":{"start":{"line":1112,"column":31},"end":{"line":1112,"column":null}},"line":1112}},"branchMap":{"0":{"loc":{"start":{"line":122,"column":12},"end":{"line":122,"column":null}},"type":"cond-expr","locations":[{"start":{"line":122,"column":35},"end":{"line":122,"column":48}},{"start":{"line":122,"column":48},"end":{"line":122,"column":null}}],"line":122},"1":{"loc":{"start":{"line":122,"column":48},"end":{"line":122,"column":null}},"type":"cond-expr","locations":[{"start":{"line":122,"column":71},"end":{"line":122,"column":91}},{"start":{"line":122,"column":91},"end":{"line":122,"column":null}}],"line":122},"2":{"loc":{"start":{"line":125,"column":12},"end":{"line":125,"column":null}},"type":"cond-expr","locations":[{"start":{"line":125,"column":35},"end":{"line":125,"column":50}},{"start":{"line":125,"column":50},"end":{"line":125,"column":null}}],"line":125},"3":{"loc":{"start":{"line":125,"column":50},"end":{"line":125,"column":null}},"type":"cond-expr","locations":[{"start":{"line":125,"column":73},"end":{"line":125,"column":88}},{"start":{"line":125,"column":88},"end":{"line":125,"column":null}}],"line":125},"4":{"loc":{"start":{"line":135,"column":16},"end":{"line":135,"column":null}},"type":"cond-expr","locations":[{"start":{"line":135,"column":32},"end":{"line":135,"column":44}},{"start":{"line":135,"column":44},"end":{"line":135,"column":null}}],"line":135},"5":{"loc":{"start":{"line":135,"column":44},"end":{"line":135,"column":null}},"type":"cond-expr","locations":[{"start":{"line":135,"column":60},"end":{"line":135,"column":72}},{"start":{"line":135,"column":72},"end":{"line":135,"column":null}}],"line":135},"6":{"loc":{"start":{"line":136,"column":21},"end":{"line":136,"column":null}},"type":"cond-expr","locations":[{"start":{"line":136,"column":37},"end":{"line":136,"column":52}},{"start":{"line":136,"column":52},"end":{"line":136,"column":null}}],"line":136},"7":{"loc":{"start":{"line":136,"column":52},"end":{"line":136,"column":null}},"type":"cond-expr","locations":[{"start":{"line":136,"column":68},"end":{"line":136,"column":83}},{"start":{"line":136,"column":83},"end":{"line":136,"column":null}}],"line":136},"8":{"loc":{"start":{"line":146,"column":12},"end":{"line":152,"column":null}},"type":"cond-expr","locations":[{"start":{"line":147,"column":16},"end":{"line":147,"column":null}},{"start":{"line":148,"column":16},"end":{"line":152,"column":null}}],"line":146},"9":{"loc":{"start":{"line":148,"column":16},"end":{"line":152,"column":null}},"type":"cond-expr","locations":[{"start":{"line":149,"column":18},"end":{"line":149,"column":null}},{"start":{"line":150,"column":18},"end":{"line":152,"column":null}}],"line":148},"10":{"loc":{"start":{"line":150,"column":18},"end":{"line":152,"column":null}},"type":"cond-expr","locations":[{"start":{"line":151,"column":20},"end":{"line":151,"column":null}},{"start":{"line":152,"column":20},"end":{"line":152,"column":null}}],"line":150},"11":{"loc":{"start":{"line":155,"column":12},"end":{"line":161,"column":null}},"type":"cond-expr","locations":[{"start":{"line":156,"column":16},"end":{"line":156,"column":null}},{"start":{"line":157,"column":16},"end":{"line":161,"column":null}}],"line":155},"12":{"loc":{"start":{"line":157,"column":16},"end":{"line":161,"column":null}},"type":"cond-expr","locations":[{"start":{"line":158,"column":18},"end":{"line":158,"column":null}},{"start":{"line":159,"column":18},"end":{"line":161,"column":null}}],"line":157},"13":{"loc":{"start":{"line":159,"column":18},"end":{"line":161,"column":null}},"type":"cond-expr","locations":[{"start":{"line":160,"column":20},"end":{"line":160,"column":null}},{"start":{"line":161,"column":20},"end":{"line":161,"column":null}}],"line":159},"14":{"loc":{"start":{"line":177,"column":17},"end":{"line":177,"column":null}},"type":"binary-expr","locations":[{"start":{"line":177,"column":17},"end":{"line":177,"column":40}},{"start":{"line":177,"column":40},"end":{"line":177,"column":null}}],"line":177},"15":{"loc":{"start":{"line":219,"column":48},"end":{"line":219,"column":81}},"type":"binary-expr","locations":[{"start":{"line":219,"column":48},"end":{"line":219,"column":71}},{"start":{"line":219,"column":71},"end":{"line":219,"column":81}}],"line":219},"16":{"loc":{"start":{"line":238,"column":7},"end":{"line":246,"column":null}},"type":"binary-expr","locations":[{"start":{"line":238,"column":7},"end":{"line":238,"column":null}},{"start":{"line":239,"column":8},"end":{"line":246,"column":null}}],"line":238},"17":{"loc":{"start":{"line":277,"column":16},"end":{"line":277,"column":null}},"type":"cond-expr","locations":[{"start":{"line":277,"column":39},"end":{"line":277,"column":52}},{"start":{"line":277,"column":52},"end":{"line":277,"column":null}}],"line":277},"18":{"loc":{"start":{"line":278,"column":21},"end":{"line":278,"column":null}},"type":"cond-expr","locations":[{"start":{"line":278,"column":44},"end":{"line":278,"column":59}},{"start":{"line":278,"column":59},"end":{"line":278,"column":null}}],"line":278},"19":{"loc":{"start":{"line":287,"column":16},"end":{"line":287,"column":null}},"type":"cond-expr","locations":[{"start":{"line":287,"column":31},"end":{"line":287,"column":49}},{"start":{"line":287,"column":49},"end":{"line":287,"column":null}}],"line":287},"20":{"loc":{"start":{"line":288,"column":21},"end":{"line":288,"column":null}},"type":"cond-expr","locations":[{"start":{"line":288,"column":36},"end":{"line":288,"column":49}},{"start":{"line":288,"column":49},"end":{"line":288,"column":null}}],"line":288},"21":{"loc":{"start":{"line":328,"column":48},"end":{"line":328,"column":null}},"type":"binary-expr","locations":[{"start":{"line":328,"column":48},"end":{"line":328,"column":71}},{"start":{"line":328,"column":71},"end":{"line":328,
[...]
{"line":35,"column":37},"end":{"line":43,"column":null}},"line":35},"5":{"name":"(anonymous_5)","decl":{"start":{"line":46,"column":13},"end":{"line":46,"column":29}},"loc":{"start":{"line":46,"column":75},"end":{"line":50,"column":null}},"line":46},"6":{"name":"(anonymous_6)","decl":{"start":{"line":53,"column":13},"end":{"line":53,"column":35}},"loc":{"start":{"line":53,"column":46},"end":{"line":60,"column":null}},"line":53},"7":{"name":"(anonymous_7)","decl":{"start":{"line":56,"column":35},"end":{"line":56,"column":44}},"loc":{"start":{"line":56,"column":52},"end":{"line":60,"column":null}},"line":56},"8":{"name":"(anonymous_8)","decl":{"start":{"line":63,"column":13},"end":{"line":63,"column":41}},"loc":{"start":{"line":63,"column":41},"end":{"line":63,"column":83}},"line":63},"9":{"name":"(anonymous_9)","decl":{"start":{"line":65,"column":13},"end":{"line":65,"column":37}},"loc":{"start":{"line":66,"column":2},"end":{"line":66,"column":null}},"line":66},"10":{"name":"(anonymous_10)","decl":{"start":{"line":70,"column":13},"end":{"line":70,"column":33}},"loc":{"start":{"line":70,"column":68},"end":{"line":73,"column":null}},"line":70},"11":{"name":"(anonymous_11)","decl":{"start":{"line":76,"column":13},"end":{"line":76,"column":38}},"loc":{"start":{"line":76,"column":38},"end":{"line":78,"column":null}},"line":76},"12":{"name":"(anonymous_12)","decl":{"start":{"line":81,"column":13},"end":{"line":81,"column":40}},"loc":{"start":{"line":81,"column":40},"end":{"line":81,"column":78}},"line":81},"13":{"name":"(anonymous_13)","decl":{"start":{"line":83,"column":13},"end":{"line":83,"column":38}},"loc":{"start":{"line":83,"column":38},"end":{"line":85,"column":null}},"line":83}},"branchMap":{"0":{"loc":{"start":{"line":9,"column":2},"end":{"line":9,"column":null}},"type":"if","locations":[{"start":{"line":9,"column":2},"end":{"line":9,"column":null}},{"start":{},"end":{}}],"line":9},"1":{"loc":{"start":{"line":19,"column":2},"end":{"line":19,"column":null}},"type":"if","locations":[{"start":{"line":19,"column":2},"end":{"line":19,"column":null}},{"start":{},"end":{}}],"line":19},"2":{"loc":{"start":{"line":26,"column":2},"end":{"line":26,"column":null}},"type":"if","locations":[{"start":{"line":26,"column":2},"end":{"line":26,"column":null}},{"start":{},"end":{}}],"line":26},"3":{"loc":{"start":{"line":31,"column":2},"end":{"line":31,"column":null}},"type":"if","locations":[{"start":{"line":31,"column":2},"end":{"line":31,"column":null}},{"start":{},"end":{}}],"line":31},"4":{"loc":{"start":{"line":38,"column":2},"end":{"line":40,"column":null}},"type":"if","locations":[{"start":{"line":38,"column":2},"end":{"line":40,"column":null}},{"start":{},"end":{}}],"line":38},"5":{"loc":{"start":{"line":38,"column":6},"end":{"line":38,"column":66}},"type":"binary-expr","locations":[{"start":{"line":38,"column":6},"end":{"line":38,"column":16}},{"start":{"line":38,"column":16},"end":{"line":38,"column":36}},{"start":{"line":38,"column":36},"end":{"line":38,"column":66}}],"line":38},"6":{"loc":{"start":{"line":43,"column":9},"end":{"line":43,"column":null}},"type":"binary-expr","locations":[{"start":{"line":43,"column":9},"end":{"line":43,"column":23}},{"start":{"line":43,"column":23},"end":{"line":43,"column":null}}],"line":43},"7":{"loc":{"start":{"line":46,"column":40},"end":{"line":46,"column":75}},"type":"default-arg","locations":[{"start":{"line":46,"column":48},"end":{"line":46,"column":75}}],"line":46},"8":{"loc":{"start":{"line":54,"column":2},"end":{"line":54,"column":null}},"type":"if","locations":[{"start":{"line":54,"column":2},"end":{"line":54,"column":null}},{"start":{},"end":{}}],"line":54},"9":{"loc":{"start":{"line":57,"column":4},"end":{"line":58,"column":null}},"type":"if","locations":[{"start":{"line":57,"column":4},"end":{"line":58,"column":null}},{"start":{},"end":{}}],"line":57},"10":{"loc":{"start":{"line":70,"column":33},"end":{"line":70,"column":68}},"type":"default-arg","locations":[{"start":{"line":70,"column":41},"end":{"line":70,"column":68}}],"line":70},"11":{"loc":{"start":{"line":78,"column":9},"end":{"line":78,"column":null}},"type":"binary-expr","locations":[{"start":{"line":78,"column":9},"end":{"line":78,"column":29}},{"start":{"line":78,"column":29},"end":{"line":78,"column":null}}],"line":78},"12":{"loc":{"start":{"line":85,"column":9},"end":{"line":85,"column":null}},"type":"binary-expr","locations":[{"start":{"line":85,"column":9},"end":{"line":85,"column":31}},{"start":{"line":85,"column":31},"end":{"line":85,"column":null}}],"line":85}},"s":{"0":1,"1":9,"2":7,"3":2,"4":2,"5":0,"6":1,"7":9,"8":0,"9":9,"10":9,"11":1,"12":4,"13":0,"14":4,"15":1,"16":7,"17":0,"18":7,"19":1,"20":9,"21":9,"22":7,"23":7,"24":2,"25":1,"26":4,"27":1,"28":0,"29":0,"30":0,"31":0,"32":0,"33":1,"34":0,"35":1,"36":4,"37":1,"38":1,"39":0,"40":1,"41":0,"42":0,"43":1,"44":0,"45":1,"46":0,"47":0},"f":{"0":9,"1":9,"2":4,"3":7,"4":9,"5":4,"6":0,"7":0,"8":0,"9":4,"10":0,"11":0,"12":0,"13":0},"b":{"0":[7,2],"1":[0,9],"2":[0,4],"3":[0,7],"4":[7,2],"5":[9,2,2],"6":[2,0],"7":[4],"8":[0,0],"9":[0,0],"10":[0],"11":[0,0],"12":[0,0]},"meta":{"lastBranch":13,"lastFunction":14,"lastStatement":48,"seen":{"s:8:6:14:Infinity":0,"f:8:6:8:19":0,"b:9:2:9:Infinity:undefined:undefined:undefined:undefined":0,"s:9:2:9:Infinity":1,"s:9:14:9:Infinity":2,"s:11:2:14:Infinity":3,"s:12:4:12:Infinity":4,"s:14:4:14:Infinity":5,"s:18:6:22:Infinity":6,"f:18:6:18:25":1,"b:19:2:19:Infinity:undefined:undefined:undefined:undefined":1,"s:19:2:19:Infinity":7,"s:19:37:19:Infinity":8,"s:21:14:21:46":9,"s:22:2:22:Infinity":10,"s:25:6:27:Infinity":11,"f:25:6:25:25":2,"b:26:2:26:Infinity:undefined:undefined:undefined:undefined":2,"s:26:2:26:Infinity":12,"s:26:37:26:Infinity":13,"s:27:2:27:Infinity":14,"s:30:6:32:Infinity":15,"f:30:6:30:28":3,"b:31:2:31:Infinity:undefined:undefined:undefined:undefined":3,"s:31:2:31:Infinity":16,"s:31:37:31:Infinity":17,"s:32:2:32:Infinity":18,"s:35:13:43:Infinity":19,"f:35:13:35:29":4,"s:36:16:36:36":20,"b:38:2:40:Infinity:undefined:undefined:undefined:undefined":4,"s:38:2:40:Infinity":21,"b:38:6:38:16:38:16:38:36:38:36:38:66":5,"s:39:4:39:Infinity":22,"s:40:4:40:Infinity":23,"s:43:2:43:Infinity":24,"b:43:9:43:23:43:23:43:Infinity":6,"s:46:13:50:Infinity":25,"f:46:13:46:29":5,"b:46:48:46:75":7,"s:47:2:50:Infinity":26,"s:53:13:60:Infinity":27,"f:53:13:53:35":6,"b:54:2:54:Infinity:undefined:undefined:undefined:undefined":8,"s:54:2:54:Infinity":28,"s:54:37:54:Infinity":29,"s:56:2:60:Infinity":30,"f:56:35:56:44":7,"b:57:4:58:Infinity:undefined:undefined:undefined:undefined":9,"s:57:4:58:Infinity":31,"s:58:6:58:Infinity":32,"s:63:13:63:83":33,"f:63:13:63:41":8,"s:63:41:63:83":34,"s:65:13:66:Infinity":35,"f:65:13:65:37":9,"s:66:2:66:Infinity":36,"s:68:34:68:Infinity":37,"s:70:13:73:Infinity":38,"f:70:13:70:33":10,"b:70:41:70:68":10,"s:71:2:73:Infinity":39,"s:76:13:78:Infinity":40,"f:76:13:76:38":11,"s:77:16:77:51":41,"s:78:2:78:Infinity":42,"b:78:9:78:29:78:29:78:Infinity":11,"s:81:13:81:78":43,"f:81:13:81:40":12,"s:81:40:81:78":44,"s:83:13:85:Infinity":45,"f:83:13:83:38":13,"s:84:20:84:38":46,"s:85:2:85:Infinity":47,"b:85:9:85:31:85:31:85:Infinity":12}}}
,"C:\\Users\\Oreoluwa.Adewunmi\\Documents\\Work\\feesman\\src\\utils\\helpers.js": {"path":"C:\\Users\\Oreoluwa.Adewunmi\\Documents\\Work\\feesman\\src\\utils\\helpers.js","statementMap":{"0":{"start":{"line":7,"column":13},"end":{"line":14,"column":null}},"1":{"start":{"line":8,"column":2},"end":{"line":8,"column":null}},"2":{"start":{"line":8,"column":14},"end":{"line":8,"column":null}},"3":{"start":{"line":10,"column":21},"end":{"line":10,"column":40}},"4":{"start":{"line":12,"column":2},"end":{"line":14,"column":null}},"5":{"start":{"line":13,"column":4},"end":{"line":13,"column":80}},"6":{"start":{"line":13,"column":23},"end":{"line":13,"column":79}},"7":{"start":{"line":24,"column":13},"end":{"line":43,"column":null}},"8":{"start":{"line":25,"column":2},"end":{"line":25,"column":null}},"9":{"start":{"line":25,"column":18},"end":{"line":25,"column":null}},"10":{"start":{"line":30,"column":2},"end":{"line":35,"column":null}},"11":{"start":{"line":31,"column":4},"end":{"line":31,"column":null}},"12":{"start":{"line":35,"column":4},"end":{"line":35,"column":null}},"13":{"start":{"line":39,"column":2},"end":{"line":43,"column":null}},"14":{"start":{"line":48,"column":13},"end":{"line":58,"column":null}},"15":{"start":{"line":49,"column":12},"end":{"line":49,"column":30}},"16":{"start":{"line":51,"column":2},"end":{"line":51,"column":null}},"17":{"start":{"line":51,"column":53},"end":{"line":51,"column":null}},"18":{"start":{"line":52,"column":2},"end":{"line":52,"column":null}},"19":{"start":{"line":52,"column":24},"end":{"line":52,"column":null}},"20":{"start":{"line":53,"column":2},"end":{"line":53,"column":null}},"21":{"start":{"line":53,"column":29},"end":{"line":53,"column":null}},"22":{"start":{"line":54,"column":2},"end":{"line":54,"column":null}},"23":{"start":{"line":54,"column":29},"end":{"line":54,"column":null}},"24":{"start":{"line":55,"column":2},"end":{"line":55,"column":null}},"25":{"start":{"line":55,"column":25},"end":{"line":55,"column":null}},"26":{"start":{"line":56,"column":2},"end":{"line":56,"column":null}},"27":{"start":{"line":56,"column":24},"end":{"line":56,"column":null}},"28":{"start":{"line":58,"column":2},"end":{"line":58,"column":null}},"29":{"start":{"line":61,"column":13},"end":{"line":63,"column":null}},"30":{"start":{"line":62,"column":16},"end":{"line":62,"column":33}},"31":{"start":{"line":63,"column":2},"end":{"line":63,"column":null}},"32":{"start":{"line":66,"column":13},"end":{"line":74,"column":null}},"33":{"start":{"line":67,"column":2},"end":{"line":67,"column":null}},"34":{"start":{"line":67,"column":17},"end":{"line":67,"column":null}},"35":{"start":{"line":69,"column":15},"end":{"line":69,"column":null}},"36":{"start":{"line":71,"column":2},"end":{"line":71,"column":null}},"37":{"start":{"line":71,"column":60},"end":{"line":71,"column":null}},"38":{"start":{"line":72,"column":2},"end":{"line":72,"column":null}},"39":{"start":{"line":72,"column":81},"end":{"line":72,"column":null}},"40":{"start":{"line":74,"column":2},"end":{"line":74,"column":null}},"41":{"start":{"line":77,"column":13},"end":{"line":83,"column":null}},"42":{"start":{"line":78,"column":2},"end":{"line":83,"column":null}},"43":{"start":{"line":79,"column":22},"end":{"line":79,"column":67}},"44":{"start":{"line":80,"column":4},"end":{"line":80,"column":null}},"45":{"start":{"line":80,"column":25},"end":{"line":80,"column":null}},"46":{"start":{"line":82,"column":4},"end":{"line":82,"column":null}}},"fnMap":{"0":{"name":"(anonymous_0)","decl":{"start":{"line":7,"column":13},"end":{"line":7,"column":27}},"loc":{"start":{"line":7,"column":50},"end":{"line":14,"column":null}},"line":7},"1":{"name":"(anonymous_1)","decl":{"start":{"line":12,"column":15},"end":{"line":12,"column":23}},"loc":{"start":{"line":13,"column":4},"end":{"line":13,"column":80}},"line":13},"2":{"name":"(anonymous_2)","decl":{"start":{"line":13,"column":9},"end":{"line":13,"column":15}},"loc":{"start":{"line":13,"column":23},"end":{"line":13,"column":79}},"line":13},"3":{"name":"(anonymous_3)","decl":{"start":{"line":24,"column":13},"end":{"line":24,"column":27}},"loc":{"start":{"line":24,"column":41},"end":{"line":43,"column":null}},"line":24},"4":{"name":"(anonymous_4)","decl":{"start":{"line":48,"column":13},"end":{"line":48,"column":30}},"loc":{"start":{"line":48,"column":44},"end":{"line":58,"column":null}},"line":48},"5":{"name":"(anonymous_5)","decl":{"start":{"line":61,"column":13},"end":{"line":61,"column":36}},"loc":{"start":{"line":61,"column":50},"end":{"line":63,"column":null}},"line":61},"6":{"name":"(anonymous_6)","decl":{"start":{"line":66,"column":13},"end":{"line":66,"column":28}},"loc":{"start":{"line":66,"column":41},"end":{"line":74,"column":null}},"line":66},"7":{"name":"(anonymous_7)","decl":{"start":{"line":77,"column":13},"end":{"line":77,"column":28}},"loc":{"start":{"line":77,"column":42},"end":{"line":83,"column":null}},"line":77},"8":{"name":"(anonymous_8)","decl":{"start":{"line":78,"column":19},"end":{"line":78,"column":25}},"loc":{"start":{"line":78,"column":34},"end":{"line":83,"column":null}},"line":78}},"branchMap":{"0":{"loc":{"start":{"line":8,"column":2},"end":{"line":8,"column":null}},"type":"if","locations":[{"start":{"line":8,"column":2},"end":{"line":8,"column":null}},{"start":{},"end":{}}],"line":8},"1":{"loc":{"start":{"line":25,"column":2},"end":{"line":25,"column":null}},"type":"if","locations":[{"start":{"line":25,"column":2},"end":{"line":25,"column":null}},{"start":{},"end":{}}],"line":25},"2":{"loc":{"start":{"line":30,"column":2},"end":{"line":35,"column":null}},"type":"if","locations":[{"start":{"line":30,"column":2},"end":{"line":35,"column":null}},{"start":{"line":34,"column":7},"end":{"line":35,"column":null}}],"line":30},"3":{"loc":{"start":{"line":48,"column":30},"end":{"line":48,"column":44}},"type":"default-arg","locations":[{"start":{"line":48,"column":37},"end":{"line":48,"column":44}}],"line":48},"4":{"loc":{"start":{"line":51,"column":2},"end":{"line":51,"column":null}},"type":"if","locations":[{"start":{"line":51,"column":2},"end":{"line":51,"column":null}},{"start":{},"end":{}}],"line":51},"5":{"loc":{"start":{"line":51,"column":6},"end":{"line":51,"column":51}},"type":"binary-expr","locations":[{"start":{"line":51,"column":6},"end":{"line":51,"column":26}},{"start":{"line":51,"column":30},"end":{"line":51,"column":51}}],"line":51},"6":{"loc":{"start":{"line":52,"column":2},"end":{"line":52,"column":null}},"type":"if","locations":[{"start":{"line":52,"column":2},"end":{"line":52,"column":null}},{"start":{},"end":{}}],"line":52},"7":{"loc":{"start":{"line":53,"column":2},"end":{"line":53,"column":null}},"type":"if","locations":[{"start":{"line":53,"column":2},"end":{"line":53,"column":null}},{"start":{},"end":{}}],"line":53},"8":{"loc":{"start":{"line":54,"column":2},"end":{"line":54,"column":null}},"type":"if","locations":[{"start":{"line":54,"column":2},"end":{"line":54,"column":null}},{"start":{},"end":{}}],"line":54},"9":{"loc":{"start":{"line":55,"column":2},"end":{"line":55,"column":null}},"type":"if","locations":[{"start":{"line":55,"column":2},"end":{"line":55,"column":null}},{"start":{},"end":{}}],"line":55},"10":{"loc":{"start":{"line":56,"column":2},"end":{"line":56,"column":null}},"type":"if","locations":[{"start":{"line":56,"column":2},"end":{"line":56,"column":null}},{"start":{},"end":{}}],"line":56},"11":{"loc":{"start":{"line":61,"column":36},"end":{"line":61,"column":50}},"type":"default-arg","locations":[{"start":{"line":61,"column":43},"end":{"line":61,"column":50}}],"line":61},"12":{"loc":{"start":{"line":63,"column":9},"end":{"line":63,"column":null}},"type":"cond-expr","locations":[{"start":{"line":63,"column":17},"end":{"line":63,"column":33}},{"start":{"line":63,"column":36},"end":{"line":63,"column":null}}],"line":63},"13":{"loc":{"start":{"line":66,"column":28},"end":{"line":66,"column":36}},"type":"default-arg","locations":[{"start":{"line":66,"column":34},"end":{"line":66,"column":36}}],"line":66},"14":{"loc":{"start":{"line":67,"column":2},"end":{"line":67,"column":null}},"type":"if","locations":[{"start":{"line":67,"column":2},"end":{"line":67,"column":null}},{"start":{},"end":{}}],"line":67},"15":{"loc":{"start":{"line":69,"column":15},"end":{"line":69,"column":null}},"type":"binary-expr","locations":[{"start":{"line":69,"column":15},"end":{"line":69,"column":38}},{"start":{"line":69,"column":42},"end":{"line":69,"column":null}}],"line":69},"16":{"loc":{"start":{"line":71,"column":2},"end":{"line":71,"column":null}},"type":"if","locations":[{"start":{"line":71,"column":2},"end":{"line":71,"column":null}},{"start":{},"end":{}}],"line":71},"17":{"loc":{"start":{"line":71,"column":6},"end":{"line":71,"column":58}},"type":"binary-expr","locations":[{"start":{"line":71,"column":6},"end":{"line":71,"column":30}},{"start":{"line":71,"column":34},"end":{"line":71,"column":58}}],"line":71},"18":{"loc":{"start":{"line":72,"column":2},"end":{"line":72,"column":null}},"type":"if","locations":[{"start":{"line":72,"column":2},"end":{"line":72,"column":null}},{"start":{},"end":{}}],"line":72},"19":{"loc":{"start":{"line":72,"column":6},"end":{"line":72,"column":79}},"type":"binary-expr","locations":[{"start":{"line":72,"column":6},"end":{"line":72,"column":26}},{"start":{"line":72,"column":30},"end":{"line":72,"column":49}},{"start":{"line":72,"column":53},"end":{"line":72,"column":79}}],"line":72},"20":{"loc":{"start":{"line":77,"column":28},"end":{"line":77,"column":37}},"type":"default-arg","locations":[{"start":{"line":77,"column":35},"end":{"line":77,"column":37}}],"line":77},"21":{"loc":{"start":{"line":80,"column":4},"end":{"line":80,"column":null}},"type":"if","locations":[{"start":{"line":80,"column":4},"end":{"line":80,"column":null}},{"start":{},"end":{}}],"line":80}},"s":{"0":1,"1":0,"2":0,"3":0,"4":0,"5":0,"6":0,"7":1,"8":0,"9":0,"10":0,"11":0,"12":0,"13":0,"14":1,"15":0,"16":0,"17":0,"18":0,"19":0,"20":0,"21":0,"22":0,"23":0,"24":0,"25":0,"26":0,"27":0,"28":0,"29":1,"30":0,"31":0,"32":1,"33":0,"34":0,"35":0,"36":0,"37":0,"38":0,"39":0,"40":0,"41":1,"42":0,"43":0,"44":0,"45":0,"46":0},"f":{"0":0,"1":0,"2":0,"3":0,"4":0,"5":0,"6":0,"7":0,"8":0},"b":{"0":[0,0],"1":[0,0],"2":[0,0],"3":[0],"4":[0,0],"5":[0,0],"6":[0,0],"7":[0,0],"8":[0,0],"9":[0,0],"10":[0,0],"11":[0],"12":[0,0],"13":[0],"14":[0,0],"15":[0,0],"16":[0,0],"17":[0,0],"18":[0,0],"19":[0,0,0],"20":[0],"21":[0,0]},"meta":{"lastBranch":22,"lastFunction":9,"lastStatement":47,"seen":{"s:7:13:14:Infinity":0,"f:7:13:7:27":0,"b:8:2:8:Infinity:undefined:undefined:undefined:undefined":0,"s:8:2:8:Infinity":1,"s:8:14:8:Infinity":2,"s:10:21:10:40":3,"s:12:2:14:Infinity":4,"f:12:15:12:23":1,"s:13:4:13:80":5,"f:13:9:13:15":2,"s:13:23:13:79":6,"s:24:13:43:Infinity":7,"f:24:13:24:27":3,"b:25:2:25:Infinity:undefined:undefined:undefined:undefined":1,"s:25:2:25:Infinity":8,"s:25:18:25:Infinity":9,"b:30:2:35:Infinity:34:7:35:Infinity":2,"s:30:2:35:Infinity":10,"s:31:4:31:Infinity":11,"s:35:4:35:Infinity":12,"s:39:2:43:Infinity":13,"s:48:13:58:Infinity":14,"f:48:13:48:30":4,"b:48:37:48:44":3,"s:49:12:49:30":15,"b:51:2:51:Infinity:undefined:undefined:undefined:undefined":4,"s:51:2:51:Infinity":16,"b:51:6:51:26:51:30:51:51":5,"s:51:53:51:Infinity":17,"b:52:2:52:Infinity:undefined:undefined:undefined:undefined":6,"s:52:2:52:Infinity":18,"s:52:24:52:Infinity":19,"b:53:2:53:Infinity:undefined:undefined:undefined:undefined":7,"s:53:2:53:Infinity":20,"s:53:29:53:Infinity":21,"b:54:2:54:Infinity:undefined:undefined:undefined:undefined":8,"s:54:2:54:Infinity":22,"s:54:29:54:Infinity":23,"b:55:2:55:Infinity:undefined:undefined:undefined:undefined":9,"s:55:2:55:Infinity":24,"s:55:25:55:Infinity":25,"b:56:2:56:Infinity:undefined:undefined:undefined:undefined":10,"s:56:2:56:Infinity":26,"s:56:24:56:Infinity":27,"s:58:2:58:Infinity":28,"s:61:13:63:Infinity":29,"f:61:13:61:36":5,"b:61:43:61:50":11,"s:62:16:62:33":30,"s:63:2:63:Infinity":31,"b:63:17:63:33:63:36:63:Infinity":12,"s:66:13:74:Infinity":32,"f:66:13:66:28":6,"b:66:34:66:36":13,"b:67:2:67:Infinity:undefined:undefined:undefined:undefined":14,"s:67:2:67:Infinity":33,"s:67:17:67:Infinity":34,"s:69:15:69:Infinity":35,"b:69:15:69:38:69:42:69:Infinity":15,"b:71:2:71:Infinity:undefined:undefined:undefined:undefined":16,"s:71:2:71:Infinity":36,"b:71:6:71:30:71:34:71:58":17,"s:71:60:71:Infinity":37,"b:72:2:72:Infinity:undefined:undefined:undefined:undefined":18,"s:72:2:72:Infinity":38,"b:72:6:72:26:72:30:72:49:72:53:72:79":19,"s:72:81:72:Infinity":39,"s:74:2:74:Infinity":40,"s:77:13:83:Infinity":41,"f:77:13:77:28":7,"b:77:35:77:37":20,"s:78:2:83:Infinity":42,"f:78:19:78:25":8,"s:79:22:79:67":43,"b:80:4:80:Infinity:undefined:undefined:undefined:undefined":21,"s:80:4:80:Infinity":44,"s:80:25:80:Infinity":45,"s:82:4:82:Infinity":46}}}
}
